{"meta": {"format": 3, "version": "7.13.1", "timestamp": "2026-07-14T23:09:00.429520", "branch_coverage": true, "show_contexts": false}, "files": {"src\\witwin\\channel_native\\__init__.py": {"executed_lines": [3, 4, 5, 6, 7, 8, 9, 10, 12], "summary": {"covered_lines": 9, "num_statements": 9, "percent_covered": 100.0, "percent_covered_display": "100", "missing_lines": 0, "excluded_lines": 0, "percent_statements_covered": 100.0, "percent_statements_covered_display": "100", "num_branches": 0, "num_partial_branches": 0, "covered_branches": 0, "missing_branches": 0, "percent_branches_covered": 100.0, "percent_branches_covered_display": "100"}, "missing_lines": [], "excluded_lines": [], "executed_branches": [], "missing_branches": [], "functions": {"": {"executed_lines": [3, 4, 5, 6, 7, 8, 9, 10, 12], "summary": {"covered_lines": 9, "num_statements": 9, "percent_covered": 100.0, "percent_covered_display": "100", "missing_lines": 0, "excluded_lines": 0, "percent_statements_covered": 100.0, "percent_statements_covered_display": "100", "num_branches": 0, "num_partial_branches": 0, "covered_branches": 0, "missing_branches": 0, "percent_branches_covered": 100.0, "percent_branches_covered_display": "100"}, "missing_lines": [], "excluded_lines": [], "start_line": 1, "executed_branches": [], "missing_branches": []}}, "classes": {"": {"executed_lines": [3, 4, 5, 6, 7, 8, 9, 10, 12], "summary": {"covered_lines": 9, "num_statements": 9, "percent_covered": 100.0, "percent_covered_display": "100", "missing_lines": 0, "excluded_lines": 0, "percent_statements_covered": 100.0, "percent_statements_covered_display": "100", "num_branches": 0, "num_partial_branches": 0, "covered_branches": 0, "missing_branches": 0, "percent_branches_covered": 100.0, "percent_branches_covered_display": "100"}, "missing_lines": [], "excluded_lines": [], "start_line": 1, "executed_branches": [], "missing_branches": []}}}, "src\\witwin\\channel_native\\capabilities.py": {"executed_lines": [1, 3, 4, 5, 8, 168, 171, 174, 182, 193, 196, 198, 199, 200, 201, 202, 203, 205, 206, 209], "summary": {"covered_lines": 20, "num_statements": 22, "percent_covered": 86.66666666666667, "percent_covered_display": "87", "missing_lines": 2, "excluded_lines": 0, "percent_statements_covered": 90.9090909090909, "percent_statements_covered_display": "91", "num_branches": 8, "num_partial_branches": 2, "covered_branches": 6, "missing_branches": 2, "percent_branches_covered": 75.0, "percent_branches_covered_display": "75"}, "missing_lines": [197, 204], "excluded_lines": [], "executed_branches": [[196, 198], [199, 200], [199, 206], [201, 202], [201, 203], [203, 205]], "missing_branches": [[196, 197], [203, 204]], "functions": {"capabilities": {"executed_lines": [171], "summary": {"covered_lines": 1, "num_statements": 1, "percent_covered": 100.0, "percent_covered_display": "100", "missing_lines": 0, "excluded_lines": 0, "percent_statements_covered": 100.0, "percent_statements_covered_display": "100", "num_branches": 0, "num_partial_branches": 0, "covered_branches": 0, "missing_branches": 0, "percent_branches_covered": 100.0, "percent_branches_covered_display": "100"}, "missing_lines": [], "excluded_lines": [], "start_line": 168, "executed_branches": [], "missing_branches": []}, "config_metadata": {"executed_lines": [182], "summary": {"covered_lines": 1, "num_statements": 1, "percent_covered": 100.0, "percent_covered_display": "100", "missing_lines": 0, "excluded_lines": 0, "percent_statements_covered": 100.0, "percent_statements_covered_display": "100", "num_branches": 0, "num_partial_branches": 0, "covered_branches": 0, "missing_branches": 0, "percent_branches_covered": 100.0, "percent_branches_covered_display": "100"}, "missing_lines": [], "excluded_lines": [], "start_line": 174, "executed_branches": [], "missing_branches": []}, "serialize_config": {"executed_lines": [196, 198, 199, 200, 201, 202, 203, 205, 206], "summary": {"covered_lines": 9, "num_statements": 11, "percent_covered": 78.94736842105263, "percent_covered_display": "79", "missing_lines": 2, "excluded_lines": 0, "percent_statements_covered": 81.81818181818181, "percent_statements_covered_display": "82", "num_branches": 8, "num_partial_branches": 2, "covered_branches": 6, "missing_branches": 2, "percent_branches_covered": 75.0, "percent_branches_covered_display": "75"}, "missing_lines": [197, 204], "excluded_lines": [], "start_line": 193, "executed_branches": [[196, 198], [199, 200], [199, 206], [201, 202], [201, 203], [203, 205]], "missing_branches": [[196, 197], [203, 204]]}, "": {"executed_lines": [1, 3, 4, 5, 8, 168, 174, 193, 209], "summary": {"covered_lines": 9, "num_statements": 9, "percent_covered": 100.0, "percent_covered_display": "100", "missing_lines": 0, "excluded_lines": 0, "percent_statements_covered": 100.0, "percent_statements_covered_display": "100", "num_branches": 0, "num_partial_branches": 0, "covered_branches": 0, "missing_branches": 0, "percent_branches_covered": 100.0, "percent_branches_covered_display": "100"}, "missing_lines": [], "excluded_lines": [], "start_line": 1, "executed_branches": [], "missing_branches": []}}, "classes": {"": {"executed_lines": [1, 3, 4, 5, 8, 168, 171, 174, 182, 193, 196, 198, 199, 200, 201, 202, 203, 205, 206, 209], "summary": {"covered_lines": 20, "num_statements": 22, "percent_covered": 86.66666666666667, "percent_covered_display": "87", "missing_lines": 2, "excluded_lines": 0, "percent_statements_covered": 90.9090909090909, "percent_statements_covered_display": "91", "num_branches": 8, "num_partial_branches": 2, "covered_branches": 6, "missing_branches": 2, "percent_branches_covered": 75.0, "percent_branches_covered_display": "75"}, "missing_lines": [197, 204], "excluded_lines": [], "start_line": 1, "executed_branches": [[196, 198], [199, 200], [199, 206], [201, 202], [201, 203], [203, 205]], "missing_branches": [[196, 197], [203, 204]]}}}, "src\\witwin\\channel_native\\core\\__init__.py": {"executed_lines": [], "summary": {"covered_lines": 0, "num_statements": 0, "percent_covered": 100.0, "percent_covered_display": "100", "missing_lines": 0, "excluded_lines": 0, "percent_statements_covered": 100.0, "percent_statements_covered_display": "100", "num_branches": 0, "num_partial_branches": 0, "covered_branches": 0, "missing_branches": 0, "percent_branches_covered": 100.0, "percent_branches_covered_display": "100"}, "missing_lines": [], "excluded_lines": [], "executed_branches": [], "missing_branches": [], "functions": {"": {"executed_lines": [], "summary": {"covered_lines": 0, "num_statements": 0, "percent_covered": 100.0, "percent_covered_display": "100", "missing_lines": 0, "excluded_lines": 0, "percent_statements_covered": 100.0, "percent_statements_covered_display": "100", "num_branches": 0, "num_partial_branches": 0, "covered_branches": 0, "missing_branches": 0, "percent_branches_covered": 100.0, "percent_branches_covered_display": "100"}, "missing_lines": [], "excluded_lines": [], "start_line": 1, "executed_branches": [], "missing_branches": []}}, "classes": {"": {"executed_lines": [], "summary": {"covered_lines": 0, "num_statements": 0, "percent_covered": 100.0, "percent_covered_display": "100", "missing_lines": 0, "excluded_lines": 0, "percent_statements_covered": 100.0, "percent_statements_covered_display": "100", "num_branches": 0, "num_partial_branches": 0, "covered_branches": 0, "missing_branches": 0, "percent_branches_covered": 100.0, "percent_branches_covered_display": "100"}, "missing_lines": [], "excluded_lines": [], "start_line": 1, "executed_branches": [], "missing_branches": []}}}, "src\\witwin\\channel_native\\core\\ad_geometry.py": {"executed_lines": [14, 16, 19, 28, 29, 30, 31, 38, 43, 46, 51, 53, 62, 72, 74, 77, 78], "summary": {"covered_lines": 17, "num_statements": 19, "percent_covered": 85.18518518518519, "percent_covered_display": "85", "missing_lines": 2, "excluded_lines": 0, "percent_statements_covered": 89.47368421052632, "percent_statements_covered_display": "89", "num_branches": 8, "num_partial_branches": 2, "covered_branches": 6, "missing_branches": 2, "percent_branches_covered": 75.0, "percent_branches_covered_display": "75"}, "missing_lines": [39, 52], "excluded_lines": [], "executed_branches": [[29, 30], [29, 31], [38, 43], [51, 53], [74, 77], [74, 78]], "missing_branches": [[38, 39], [51, 52]], "functions": {"scene_vertex_table": {"executed_lines": [28, 29, 30, 31, 38, 43], "summary": {"covered_lines": 6, "num_statements": 7, "percent_covered": 81.81818181818181, "percent_covered_display": "82", "missing_lines": 1, "excluded_lines": 0, "percent_statements_covered": 85.71428571428571, "percent_statements_covered_display": "86", "num_branches": 4, "num_partial_branches": 1, "covered_branches": 3, "missing_branches": 1, "percent_branches_covered": 75.0, "percent_branches_covered_display": "75"}, "missing_lines": [39], "excluded_lines": [], "start_line": 19, "executed_branches": [[29, 30], [29, 31], [38, 43]], "missing_branches": [[38, 39]]}, "transmitter_positions_ad": {"executed_lines": [51, 53], "summary": {"covered_lines": 2, "num_statements": 3, "percent_covered": 60.0, "percent_covered_display": "60", "missing_lines": 1, "excluded_lines": 0, "percent_statements_covered": 66.66666666666667, "percent_statements_covered_display": "67", "num_branches": 2, "num_partial_branches": 1, "covered_branches": 1, "missing_branches": 1, "percent_branches_covered": 50.0, "percent_branches_covered_display": "50"}, "missing_lines": [52], "excluded_lines": [], "start_line": 46, "executed_branches": [[51, 53]], "missing_branches": [[51, 52]]}, "receiver_positions_ad": {"executed_lines": [72, 74, 77, 78], "summary": {"covered_lines": 4, "num_statements": 4, "percent_covered": 100.0, "percent_covered_display": "100", "missing_lines": 0, "excluded_lines": 0, "percent_statements_covered": 100.0, "percent_statements_covered_display": "100", "num_branches": 2, "num_partial_branches": 0, "covered_branches": 2, "missing_branches": 0, "percent_branches_covered": 100.0, "percent_branches_covered_display": "100"}, "missing_lines": [], "excluded_lines": [], "start_line": 62, "executed_branches": [[74, 77], [74, 78]], "missing_branches": []}, "": {"executed_lines": [14, 16, 19, 46, 62], "summary": {"covered_lines": 5, "num_statements": 5, "percent_covered": 100.0, "percent_covered_display": "100", "missing_lines": 0, "excluded_lines": 0, "percent_statements_covered": 100.0, "percent_statements_covered_display": "100", "num_branches": 0, "num_partial_branches": 0, "covered_branches": 0, "missing_branches": 0, "percent_branches_covered": 100.0, "percent_branches_covered_display": "100"}, "missing_lines": [], "excluded_lines": [], "start_line": 1, "executed_branches": [], "missing_branches": []}}, "classes": {"": {"executed_lines": [14, 16, 19, 28, 29, 30, 31, 38, 43, 46, 51, 53, 62, 72, 74, 77, 78], "summary": {"covered_lines": 17, "num_statements": 19, "percent_covered": 85.18518518518519, "percent_covered_display": "85", "missing_lines": 2, "excluded_lines": 0, "percent_statements_covered": 89.47368421052632, "percent_statements_covered_display": "89", "num_branches": 8, "num_partial_branches": 2, "covered_branches": 6, "missing_branches": 2, "percent_branches_covered": 75.0, "percent_branches_covered_display": "75"}, "missing_lines": [39, 52], "excluded_lines": [], "start_line": 1, "executed_branches": [[29, 30], [29, 31], [38, 43], [51, 53], [74, 77], [74, 78]], "missing_branches": [[38, 39], [51, 52]]}}}, "src\\witwin\\channel_native\\core\\antenna.py": {"executed_lines": [1, 3, 4, 5, 7, 10, 11, 14, 15, 17, 18, 20, 23, 30, 31, 32, 33, 34, 43, 44, 47, 48, 50, 51, 53, 56, 57, 59, 60, 63, 69, 70, 71, 72, 74, 75, 78, 79, 82, 84, 85, 86, 88, 89, 91, 93, 94, 95, 97, 98, 99, 101, 102, 109, 111, 113, 114, 116, 117, 118, 119, 121, 122, 130, 132, 134, 135, 137, 138, 139, 140, 141, 142, 143, 145, 146, 147, 148, 151, 160, 164, 165, 167, 169, 170, 171, 172, 173, 174, 175, 178, 181, 184, 192, 194, 196, 198, 199, 200, 203, 216, 220, 221, 222, 224, 226, 227, 228, 229, 230, 231, 234, 242, 243, 244, 245, 246, 249, 254, 255, 258], "summary": {"covered_lines": 121, "num_statements": 147, "percent_covered": 76.07655502392345, "percent_covered_display": "76", "missing_lines": 26, "excluded_lines": 0, "percent_statements_covered": 82.31292517006803, "percent_statements_covered_display": "82", "num_branches": 62, "num_partial_branches": 22, "covered_branches": 38, "missing_branches": 24, "percent_branches_covered": 61.29032258064516, "percent_branches_covered_display": "61"}, "missing_lines": [16, 19, 52, 54, 58, 64, 65, 66, 67, 68, 87, 90, 110, 112, 115, 131, 133, 136, 166, 168, 193, 195, 197, 217, 223, 225], "excluded_lines": [], "executed_branches": [[15, 17], [18, 20], [51, 53], [53, -50], [57, 59], [63, 69], [69, 70], [69, 71], [71, 72], [71, 74], [86, 88], [89, 91], [109, 111], [111, 113], [114, 116], [130, 132], [132, 134], [135, 137], [160, 164], [160, 165], [165, 167], [167, 169], [171, 172], [171, 174], [192, 194], [194, 196], [196, 198], [216, 220], [222, 224], [224, 226], [242, -234], [242, 243], [243, 244], [243, 245], [245, 246], [245, 249], [254, 242], [254, 255]], "missing_branches": [[15, 16], [18, 19], [51, 52], [53, 54], [57, 58], [63, 64], [66, 67], [66, 68], [86, 87], [89, 90], [109, 110], [111, 112], [114, 115], [130, 131], [132, 133], [135, 136], [165, 166], [167, 168], [192, 193], [194, 195], [196, 197], [216, 217], [222, 223], [224, 225]], "functions": {"_vector3": {"executed_lines": [15, 17, 18, 20], "summary": {"covered_lines": 4, "num_statements": 6, "percent_covered": 60.0, "percent_covered_display": "60", "missing_lines": 2, "excluded_lines": 0, "percent_statements_covered": 66.66666666666667, "percent_statements_covered_display": "67", "num_branches": 4, "num_partial_branches": 2, "covered_branches": 2, "missing_branches": 2, "percent_branches_covered": 50.0, "percent_branches_covered_display": "50"}, "missing_lines": [16, 19], "excluded_lines": [], "start_line": 14, "executed_branches": [[15, 17], [18, 20]], "missing_branches": [[15, 16], [18, 19]]}, "orientation_matrix": {"executed_lines": [30, 31, 32, 33, 34], "summary": {"covered_lines": 5, "num_statements": 5, "percent_covered": 100.0, "percent_covered_display": "100", "missing_lines": 0, "excluded_lines": 0, "percent_statements_covered": 100.0, "percent_statements_covered_display": "100", "num_branches": 0, "num_partial_branches": 0, "covered_branches": 0, "missing_branches": 0, "percent_branches_covered": 100.0, "percent_branches_covered_display": "100"}, "missing_lines": [], "excluded_lines": [], "start_line": 23, "executed_branches": [], "missing_branches": []}, "AntennaPattern.__post_init__": {"executed_lines": [51, 53], "summary": {"covered_lines": 2, "num_statements": 4, "percent_covered": 50.0, "percent_covered_display": "50", "missing_lines": 2, "excluded_lines": 0, "percent_statements_covered": 50.0, "percent_statements_covered_display": "50", "num_branches": 4, "num_partial_branches": 2, "covered_branches": 2, "missing_branches": 2, "percent_branches_covered": 50.0, "percent_branches_covered_display": "50"}, "missing_lines": [52, 54], "excluded_lines": [], "start_line": 50, "executed_branches": [[51, 53], [53, -50]], "missing_branches": [[51, 52], [53, 54]]}, "AntennaPattern.field_response": {"executed_lines": [57, 59, 60, 63, 69, 70, 71, 72, 74, 75], "summary": {"covered_lines": 10, "num_statements": 16, "percent_covered": 61.53846153846154, "percent_covered_display": "62", "missing_lines": 6, "excluded_lines": 0, "percent_statements_covered": 62.5, "percent_statements_covered_display": "62", "num_branches": 10, "num_partial_branches": 2, "covered_branches": 6, "missing_branches": 4, "percent_branches_covered": 60.0, "percent_branches_covered_display": "60"}, "missing_lines": [58, 64, 65, 66, 67, 68], "excluded_lines": [], "start_line": 56, "executed_branches": [[57, 59], [63, 69], [69, 70], [69, 71], [71, 72], [71, 74]], "missing_branches": [[57, 58], [63, 64], [66, 67], [66, 68]]}, "AntennaArray.__post_init__": {"executed_lines": [85, 86, 88, 89, 91], "summary": {"covered_lines": 5, "num_statements": 7, "percent_covered": 63.63636363636363, "percent_covered_display": "64", "missing_lines": 2, "excluded_lines": 0, "percent_statements_covered": 71.42857142857143, "percent_statements_covered_display": "71", "num_branches": 4, "num_partial_branches": 2, "covered_branches": 2, "missing_branches": 2, "percent_branches_covered": 50.0, "percent_branches_covered_display": "50"}, "missing_lines": [87, 90], "excluded_lines": [], "start_line": 84, "executed_branches": [[86, 88], [89, 91]], "missing_branches": [[86, 87], [89, 90]]}, "AntennaArray.num_antennas": {"executed_lines": [95], "summary": {"covered_lines": 1, "num_statements": 1, "percent_covered": 100.0, "percent_covered_display": "100", "missing_lines": 0, "excluded_lines": 0, "percent_statements_covered": 100.0, "percent_statements_covered_display": "100", "num_branches": 0, "num_partial_branches": 0, "covered_branches": 0, "missing_branches": 0, "percent_branches_covered": 100.0, "percent_branches_covered_display": "100"}, "missing_lines": [], "excluded_lines": [], "start_line": 94, "executed_branches": [], "missing_branches": []}, "AntennaArray.single": {"executed_lines": [99], "summary": {"covered_lines": 1, "num_statements": 1, "percent_covered": 100.0, "percent_covered_display": "100", "missing_lines": 0, "excluded_lines": 0, "percent_statements_covered": 100.0, "percent_statements_covered_display": "100", "num_branches": 0, "num_partial_branches": 0, "covered_branches": 0, "missing_branches": 0, "percent_branches_covered": 100.0, "percent_branches_covered_display": "100"}, "missing_lines": [], "excluded_lines": [], "start_line": 98, "executed_branches": [], "missing_branches": []}, "AntennaArray.ula": {"executed_lines": [109, 111, 113, 114, 116, 117, 118, 119], "summary": {"covered_lines": 8, "num_statements": 11, "percent_covered": 64.70588235294117, "percent_covered_display": "65", "missing_lines": 3, "excluded_lines": 0, "percent_statements_covered": 72.72727272727273, "percent_statements_covered_display": "73", "num_branches": 6, "num_partial_branches": 3, "covered_branches": 3, "missing_branches": 3, "percent_branches_covered": 50.0, "percent_branches_covered_display": "50"}, "missing_lines": [110, 112, 115], "excluded_lines": [], "start_line": 102, "executed_branches": [[109, 111], [111, 113], [114, 116]], "missing_branches": [[109, 110], [111, 112], [114, 115]]}, "AntennaArray.ura": {"executed_lines": [130, 132, 134, 135, 137, 138, 139, 140, 141, 142, 143], "summary": {"covered_lines": 11, "num_statements": 14, "percent_covered": 70.0, "percent_covered_display": "70", "missing_lines": 3, "excluded_lines": 0, "percent_statements_covered": 78.57142857142857, "percent_statements_covered_display": "79", "num_branches": 6, "num_partial_branches": 3, "covered_branches": 3, "missing_branches": 3, "percent_branches_covered": 50.0, "percent_branches_covered_display": "50"}, "missing_lines": [131, 133, 136], "excluded_lines": [], "start_line": 122, "executed_branches": [[130, 132], [132, 134], [135, 137]], "missing_branches": [[130, 131], [132, 133], [135, 136]]}, "AntennaArray.world_positions": {"executed_lines": [146, 147, 148], "summary": {"covered_lines": 3, "num_statements": 3, "percent_covered": 100.0, "percent_covered_display": "100", "missing_lines": 0, "excluded_lines": 0, "percent_statements_covered": 100.0, "percent_statements_covered_display": "100", "num_branches": 0, "num_partial_branches": 0, "covered_branches": 0, "missing_branches": 0, "percent_branches_covered": 100.0, "percent_branches_covered_display": "100"}, "missing_lines": [], "excluded_lines": [], "start_line": 145, "executed_branches": [], "missing_branches": []}, "steering_vector": {"executed_lines": [160, 164, 165, 167, 169, 170, 171, 172, 173, 174, 175, 178, 181], "summary": {"covered_lines": 13, "num_statements": 15, "percent_covered": 82.6086956521739, "percent_covered_display": "83", "missing_lines": 2, "excluded_lines": 0, "percent_statements_covered": 86.66666666666667, "percent_statements_covered_display": "87", "num_branches": 8, "num_partial_branches": 2, "covered_branches": 6, "missing_branches": 2, "percent_branches_covered": 75.0, "percent_branches_covered_display": "75"}, "missing_lines": [166, 168], "excluded_lines": [], "start_line": 151, "executed_branches": [[160, 164], [160, 165], [165, 167], [167, 169], [171, 172], [171, 174]], "missing_branches": [[165, 166], [167, 168]]}, "apply_precoding_combining": {"executed_lines": [192, 194, 196, 198, 199, 200], "summary": {"covered_lines": 6, "num_statements": 9, "percent_covered": 60.0, "percent_covered_display": "60", "missing_lines": 3, "excluded_lines": 0, "percent_statements_covered": 66.66666666666667, "percent_statements_covered_display": "67", "num_branches": 6, "num_partial_branches": 3, "covered_branches": 3, "missing_branches": 3, "percent_branches_covered": 50.0, "percent_branches_covered_display": "50"}, "missing_lines": [193, 195, 197], "excluded_lines": [], "start_line": 184, "executed_branches": [[192, 194], [194, 196], [196, 198]], "missing_branches": [[192, 193], [194, 195], [196, 197]]}, "apply_endpoint_weights": {"executed_lines": [216, 220, 221, 222, 224, 226, 227, 228, 229, 230, 231], "summary": {"covered_lines": 11, "num_statements": 14, "percent_covered": 70.0, "percent_covered_display": "70", "missing_lines": 3, "excluded_lines": 0, "percent_statements_covered": 78.57142857142857, "percent_statements_covered_display": "79", "num_branches": 6, "num_partial_branches": 3, "covered_branches": 3, "missing_branches": 3, "percent_branches_covered": 50.0, "percent_branches_covered_display": "50"}, "missing_lines": [217, 223, 225], "excluded_lines": [], "start_line": 203, "executed_branches": [[216, 220], [222, 224], [224, 226]], "missing_branches": [[216, 217], [222, 223], [224, 225]]}, "validate_scalar_endpoint_features": {"executed_lines": [242, 243, 244, 245, 246, 249, 254, 255], "summary": {"covered_lines": 8, "num_statements": 8, "percent_covered": 100.0, "percent_covered_display": "100", "missing_lines": 0, "excluded_lines": 0, "percent_statements_covered": 100.0, "percent_statements_covered_display": "100", "num_branches": 8, "num_partial_branches": 0, "covered_branches": 8, "missing_branches": 0, "percent_branches_covered": 100.0, "percent_branches_covered_display": "100"}, "missing_lines": [], "excluded_lines": [], "start_line": 234, "executed_branches": [[242, -234], [242, 243], [243, 244], [243, 245], [245, 246], [245, 249], [254, 242], [254, 255]], "missing_branches": []}, "": {"executed_lines": [1, 3, 4, 5, 7, 10, 11, 14, 23, 43, 44, 47, 48, 50, 56, 78, 79, 82, 84, 93, 94, 97, 98, 101, 102, 121, 122, 145, 151, 184, 203, 234, 258], "summary": {"covered_lines": 33, "num_statements": 33, "percent_covered": 100.0, "percent_covered_display": "100", "missing_lines": 0, "excluded_lines": 0, "percent_statements_covered": 100.0, "percent_statements_covered_display": "100", "num_branches": 0, "num_partial_branches": 0, "covered_branches": 0, "missing_branches": 0, "percent_branches_covered": 100.0, "percent_branches_covered_display": "100"}, "missing_lines": [], "excluded_lines": [], "start_line": 1, "executed_branches": [], "missing_branches": []}}, "classes": {"AntennaPattern": {"executed_lines": [51, 53, 57, 59, 60, 63, 69, 70, 71, 72, 74, 75], "summary": {"covered_lines": 12, "num_statements": 20, "percent_covered": 58.8235294117647, "percent_covered_display": "59", "missing_lines": 8, "excluded_lines": 0, "percent_statements_covered": 60.0, "percent_statements_covered_display": "60", "num_branches": 14, "num_partial_branches": 4, "covered_branches": 8, "missing_branches": 6, "percent_branches_covered": 57.142857142857146, "percent_branches_covered_display": "57"}, "missing_lines": [52, 54, 58, 64, 65, 66, 67, 68], "excluded_lines": [], "start_line": 44, "executed_branches": [[51, 53], [53, -50], [57, 59], [63, 69], [69, 70], [69, 71], [71, 72], [71, 74]], "missing_branches": [[51, 52], [53, 54], [57, 58], [63, 64], [66, 67], [66, 68]]}, "AntennaArray": {"executed_lines": [85, 86, 88, 89, 91, 95, 99, 109, 111, 113, 114, 116, 117, 118, 119, 130, 132, 134, 135, 137, 138, 139, 140, 141, 142, 143, 146, 147, 148], "summary": {"covered_lines": 29, "num_statements": 37, "percent_covered": 69.81132075471699, "percent_covered_display": "70", "missing_lines": 8, "excluded_lines": 0, "percent_statements_covered": 78.37837837837837, "percent_statements_covered_display": "78", "num_branches": 16, "num_partial_branches": 8, "covered_branches": 8, "missing_branches": 8, "percent_branches_covered": 50.0, "percent_branches_covered_display": "50"}, "missing_lines": [87, 90, 110, 112, 115, 131, 133, 136], "excluded_lines": [], "start_line": 79, "executed_branches": [[86, 88], [89, 91], [109, 111], [111, 113], [114, 116], [130, 132], [132, 134], [135, 137]], "missing_branches": [[86, 87], [89, 90], [109, 110], [111, 112], [114, 115], [130, 131], [132, 133], [135, 136]]}, "": {"executed_lines": [1, 3, 4, 5, 7, 10, 11, 14, 15, 17, 18, 20, 23, 30, 31, 32, 33, 34, 43, 44, 47, 48, 50, 56, 78, 79, 82, 84, 93, 94, 97, 98, 101, 102, 121, 122, 145, 151, 160, 164, 165, 167, 169, 170, 171, 172, 173, 174, 175, 178, 181, 184, 192, 194, 196, 198, 199, 200, 203, 216, 220, 221, 222, 224, 226, 227, 228, 229, 230, 231, 234, 242, 243, 244, 245, 246, 249, 254, 255, 258], "summary": {"covered_lines": 80, "num_statements": 90, "percent_covered": 83.60655737704919, "percent_covered_display": "84", "missing_lines": 10, "excluded_lines": 0, "percent_statements_covered": 88.88888888888889, "percent_statements_covered_display": "89", "num_branches": 32, "num_partial_branches": 10, "covered_branches": 22, "missing_branches": 10, "percent_branches_covered": 68.75, "percent_branches_covered_display": "69"}, "missing_lines": [16, 19, 166, 168, 193, 195, 197, 217, 223, 225], "excluded_lines": [], "start_line": 1, "executed_branches": [[15, 17], [18, 20], [160, 164], [160, 165], [165, 167], [167, 169], [171, 172], [171, 174], [192, 194], [194, 196], [196, 198], [216, 220], [222, 224], [224, 226], [242, -234], [242, 243], [243, 244], [243, 245], [245, 246], [245, 249], [254, 242], [254, 255]], "missing_branches": [[15, 16], [18, 19], [165, 166], [167, 168], [192, 193], [194, 195], [196, 197], [216, 217], [222, 223], [224, 225]]}}}, "src\\witwin\\channel_native\\core\\components.py": {"executed_lines": [1, 3, 6, 9, 10, 13, 16, 19, 22, 23, 24, 25, 28, 36, 37, 46, 47, 48, 49, 50, 51, 53, 54], "summary": {"covered_lines": 23, "num_statements": 24, "percent_covered": 94.11764705882354, "percent_covered_display": "94", "missing_lines": 1, "excluded_lines": 0, "percent_statements_covered": 95.83333333333333, "percent_statements_covered_display": "96", "num_branches": 10, "num_partial_branches": 1, "covered_branches": 9, "missing_branches": 1, "percent_branches_covered": 90.0, "percent_branches_covered_display": "90"}, "missing_lines": [52], "excluded_lines": [], "executed_branches": [[23, 24], [23, 25], [46, 47], [46, 50], [47, 48], [47, 49], [50, 51], [50, 54], [51, 53]], "missing_branches": [[51, 52]], "functions": {"validated_components": {"executed_lines": [22, 23, 24, 25], "summary": {"covered_lines": 4, "num_statements": 4, "percent_covered": 100.0, "percent_covered_display": "100", "missing_lines": 0, "excluded_lines": 0, "percent_statements_covered": 100.0, "percent_statements_covered_display": "100", "num_branches": 2, "num_partial_branches": 0, "covered_branches": 2, "missing_branches": 0, "percent_branches_covered": 100.0, "percent_branches_covered_display": "100"}, "missing_lines": [], "excluded_lines": [], "start_line": 19, "executed_branches": [[23, 24], [23, 25]], "missing_branches": []}, "component_availability_status": {"executed_lines": [36, 37, 46, 47, 48, 49, 50, 51, 53, 54], "summary": {"covered_lines": 10, "num_statements": 11, "percent_covered": 89.47368421052632, "percent_covered_display": "89", "missing_lines": 1, "excluded_lines": 0, "percent_statements_covered": 90.9090909090909, "percent_statements_covered_display": "91", "num_branches": 8, "num_partial_branches": 1, "covered_branches": 7, "missing_branches": 1, "percent_branches_covered": 87.5, "percent_branches_covered_display": "88"}, "missing_lines": [52], "excluded_lines": [], "start_line": 28, "executed_branches": [[46, 47], [46, 50], [47, 48], [47, 49], [50, 51], [50, 54], [51, 53]], "missing_branches": [[51, 52]]}, "": {"executed_lines": [1, 3, 6, 9, 10, 13, 16, 19, 28], "summary": {"covered_lines": 9, "num_statements": 9, "percent_covered": 100.0, "percent_covered_display": "100", "missing_lines": 0, "excluded_lines": 0, "percent_statements_covered": 100.0, "percent_statements_covered_display": "100", "num_branches": 0, "num_partial_branches": 0, "covered_branches": 0, "missing_branches": 0, "percent_branches_covered": 100.0, "percent_branches_covered_display": "100"}, "missing_lines": [], "excluded_lines": [], "start_line": 1, "executed_branches": [], "missing_branches": []}}, "classes": {"": {"executed_lines": [1, 3, 6, 9, 10, 13, 16, 19, 22, 23, 24, 25, 28, 36, 37, 46, 47, 48, 49, 50, 51, 53, 54], "summary": {"covered_lines": 23, "num_statements": 24, "percent_covered": 94.11764705882354, "percent_covered_display": "94", "missing_lines": 1, "excluded_lines": 0, "percent_statements_covered": 95.83333333333333, "percent_statements_covered_display": "96", "num_branches": 10, "num_partial_branches": 1, "covered_branches": 9, "missing_branches": 1, "percent_branches_covered": 90.0, "percent_branches_covered_display": "90"}, "missing_lines": [52], "excluded_lines": [], "start_line": 1, "executed_branches": [[23, 24], [23, 25], [46, 47], [46, 50], [47, 48], [47, 49], [50, 51], [50, 54], [51, 53]], "missing_branches": [[51, 52]]}}}, "src\\witwin\\channel_native\\core\\diffraction_geometry.py": {"executed_lines": [1, 3, 5, 6, 7, 8, 11, 12, 24, 29, 30, 35, 36, 37, 38, 39, 40, 41, 42], "summary": {"covered_lines": 19, "num_statements": 19, "percent_covered": 95.65217391304348, "percent_covered_display": "96", "missing_lines": 0, "excluded_lines": 0, "percent_statements_covered": 100.0, "percent_statements_covered_display": "100", "num_branches": 4, "num_partial_branches": 1, "covered_branches": 3, "missing_branches": 1, "percent_branches_covered": 75.0, "percent_branches_covered_display": "75"}, "missing_lines": [], "excluded_lines": [], "executed_branches": [[36, 37], [36, 38], [39, 40]], "missing_branches": [[39, 41]], "functions": {"diffraction_edge_geometry": {"executed_lines": [12], "summary": {"covered_lines": 1, "num_statements": 1, "percent_covered": 100.0, "percent_covered_display": "100", "missing_lines": 0, "excluded_lines": 0, "percent_statements_covered": 100.0, "percent_statements_covered_display": "100", "num_branches": 0, "num_partial_branches": 0, "covered_branches": 0, "missing_branches": 0, "percent_branches_covered": 100.0, "percent_branches_covered_display": "100"}, "missing_lines": [], "excluded_lines": [], "start_line": 11, "executed_branches": [], "missing_branches": []}, "cached_diffraction_edge_geometry": {"executed_lines": [29, 30, 35, 36, 37, 38, 39, 40, 41, 42], "summary": {"covered_lines": 10, "num_statements": 10, "percent_covered": 92.85714285714286, "percent_covered_display": "93", "missing_lines": 0, "excluded_lines": 0, "percent_statements_covered": 100.0, "percent_statements_covered_display": "100", "num_branches": 4, "num_partial_branches": 1, "covered_branches": 3, "missing_branches": 1, "percent_branches_covered": 75.0, "percent_branches_covered_display": "75"}, "missing_lines": [], "excluded_lines": [], "start_line": 24, "executed_branches": [[36, 37], [36, 38], [39, 40]], "missing_branches": [[39, 41]]}, "": {"executed_lines": [1, 3, 5, 6, 7, 8, 11, 24], "summary": {"covered_lines": 8, "num_statements": 8, "percent_covered": 100.0, "percent_covered_display": "100", "missing_lines": 0, "excluded_lines": 0, "percent_statements_covered": 100.0, "percent_statements_covered_display": "100", "num_branches": 0, "num_partial_branches": 0, "covered_branches": 0, "missing_branches": 0, "percent_branches_covered": 100.0, "percent_branches_covered_display": "100"}, "missing_lines": [], "excluded_lines": [], "start_line": 1, "executed_branches": [], "missing_branches": []}}, "classes": {"": {"executed_lines": [1, 3, 5, 6, 7, 8, 11, 12, 24, 29, 30, 35, 36, 37, 38, 39, 40, 41, 42], "summary": {"covered_lines": 19, "num_statements": 19, "percent_covered": 95.65217391304348, "percent_covered_display": "96", "missing_lines": 0, "excluded_lines": 0, "percent_statements_covered": 100.0, "percent_statements_covered_display": "100", "num_branches": 4, "num_partial_branches": 1, "covered_branches": 3, "missing_branches": 1, "percent_branches_covered": 75.0, "percent_branches_covered_display": "75"}, "missing_lines": [], "excluded_lines": [], "start_line": 1, "executed_branches": [[36, 37], [36, 38], [39, 40]], "missing_branches": [[39, 41]]}}}, "src\\witwin\\channel_native\\core\\edge_policy.py": {"executed_lines": [1, 3, 6, 7, 10, 11, 12, 13, 14, 15, 17, 18, 19, 21, 22, 25, 27, 28, 32, 33, 34, 35, 37, 38, 39, 41, 42, 46, 49], "summary": {"covered_lines": 29, "num_statements": 33, "percent_covered": 82.05128205128206, "percent_covered_display": "82", "missing_lines": 4, "excluded_lines": 0, "percent_statements_covered": 87.87878787878788, "percent_statements_covered_display": "88", "num_branches": 6, "num_partial_branches": 3, "covered_branches": 3, "missing_branches": 3, "percent_branches_covered": 50.0, "percent_branches_covered_display": "50"}, "missing_lines": [20, 26, 29, 43], "excluded_lines": [], "executed_branches": [[19, 21], [25, 27], [28, 32]], "missing_branches": [[19, 20], [25, 26], [28, 29]], "functions": {"EdgePolicy.__post_init__": {"executed_lines": [18, 19, 21, 22, 25, 27, 28, 32, 33, 34, 35], "summary": {"covered_lines": 11, "num_statements": 14, "percent_covered": 70.0, "percent_covered_display": "70", "missing_lines": 3, "excluded_lines": 0, "percent_statements_covered": 78.57142857142857, "percent_statements_covered_display": "79", "num_branches": 6, "num_partial_branches": 3, "covered_branches": 3, "missing_branches": 3, "percent_branches_covered": 50.0, "percent_branches_covered_display": "50"}, "missing_lines": [20, 26, 29], "excluded_lines": [], "start_line": 17, "executed_branches": [[19, 21], [25, 27], [28, 32]], "missing_branches": [[19, 20], [25, 26], [28, 29]]}, "EdgePolicy.vertical_only": {"executed_lines": [39], "summary": {"covered_lines": 1, "num_statements": 1, "percent_covered": 100.0, "percent_covered_display": "100", "missing_lines": 0, "excluded_lines": 0, "percent_statements_covered": 100.0, "percent_statements_covered_display": "100", "num_branches": 0, "num_partial_branches": 0, "covered_branches": 0, "missing_branches": 0, "percent_branches_covered": 100.0, "percent_branches_covered_display": "100"}, "missing_lines": [], "excluded_lines": [], "start_line": 38, "executed_branches": [], "missing_branches": []}, "EdgePolicy.cache_key": {"executed_lines": [], "summary": {"covered_lines": 0, "num_statements": 1, "percent_covered": 0.0, "percent_covered_display": "0", "missing_lines": 1, "excluded_lines": 0, "percent_statements_covered": 0.0, "percent_statements_covered_display": "0", "num_branches": 0, "num_partial_branches": 0, "covered_branches": 0, "missing_branches": 0, "percent_branches_covered": 100.0, "percent_branches_covered_display": "100"}, "missing_lines": [43], "excluded_lines": [], "start_line": 42, "executed_branches": [], "missing_branches": []}, "": {"executed_lines": [1, 3, 6, 7, 10, 11, 12, 13, 14, 15, 17, 37, 38, 41, 42, 46, 49], "summary": {"covered_lines": 17, "num_statements": 17, "percent_covered": 100.0, "percent_covered_display": "100", "missing_lines": 0, "excluded_lines": 0, "percent_statements_covered": 100.0, "percent_statements_covered_display": "100", "num_branches": 0, "num_partial_branches": 0, "covered_branches": 0, "missing_branches": 0, "percent_branches_covered": 100.0, "percent_branches_covered_display": "100"}, "missing_lines": [], "excluded_lines": [], "start_line": 1, "executed_branches": [], "missing_branches": []}}, "classes": {"EdgePolicy": {"executed_lines": [18, 19, 21, 22, 25, 27, 28, 32, 33, 34, 35, 39], "summary": {"covered_lines": 12, "num_statements": 16, "percent_covered": 68.18181818181819, "percent_covered_display": "68", "missing_lines": 4, "excluded_lines": 0, "percent_statements_covered": 75.0, "percent_statements_covered_display": "75", "num_branches": 6, "num_partial_branches": 3, "covered_branches": 3, "missing_branches": 3, "percent_branches_covered": 50.0, "percent_branches_covered_display": "50"}, "missing_lines": [20, 26, 29, 43], "excluded_lines": [], "start_line": 11, "executed_branches": [[19, 21], [25, 27], [28, 32]], "missing_branches": [[19, 20], [25, 26], [28, 29]]}, "": {"executed_lines": [1, 3, 6, 7, 10, 11, 12, 13, 14, 15, 17, 37, 38, 41, 42, 46, 49], "summary": {"covered_lines": 17, "num_statements": 17, "percent_covered": 100.0, "percent_covered_display": "100", "missing_lines": 0, "excluded_lines": 0, "percent_statements_covered": 100.0, "percent_statements_covered_display": "100", "num_branches": 0, "num_partial_branches": 0, "covered_branches": 0, "missing_branches": 0, "percent_branches_covered": 100.0, "percent_branches_covered_display": "100"}, "missing_lines": [], "excluded_lines": [], "start_line": 1, "executed_branches": [], "missing_branches": []}}}, "src\\witwin\\channel_native\\core\\edge_selection.py": {"executed_lines": [15, 17, 19, 21, 23, 24, 25, 28, 29, 30, 33, 34, 39, 42, 52, 53, 54, 55, 57, 58, 59, 60, 61, 62, 63, 64, 65, 66, 67, 68, 69, 70, 71, 72, 73, 74, 77, 85, 86, 88, 89, 90, 91, 94, 95, 96, 97, 99, 100, 101, 102, 103, 104, 105, 106, 107, 108, 109, 110, 111, 112, 113, 114, 115, 116, 119, 121, 122, 123, 124, 125, 126, 128, 131], "summary": {"covered_lines": 74, "num_statements": 79, "percent_covered": 88.42105263157895, "percent_covered_display": "88", "missing_lines": 5, "excluded_lines": 0, "percent_statements_covered": 93.67088607594937, "percent_statements_covered_display": "94", "num_branches": 16, "num_partial_branches": 6, "covered_branches": 10, "missing_branches": 6, "percent_branches_covered": 62.5, "percent_branches_covered_display": "62"}, "missing_lines": [56, 87, 92, 117, 120], "excluded_lines": [], "executed_branches": [[55, 57], [86, 88], [89, 90], [91, 94], [101, 102], [101, 116], [116, 119], [119, 121], [121, 122], [121, 128]], "missing_branches": [[55, 56], [86, 87], [89, 91], [91, 92], [116, 117], [119, 120]], "functions": {"resolve_scene_edge_policy": {"executed_lines": [29, 30], "summary": {"covered_lines": 2, "num_statements": 2, "percent_covered": 100.0, "percent_covered_display": "100", "missing_lines": 0, "excluded_lines": 0, "percent_statements_covered": 100.0, "percent_statements_covered_display": "100", "num_branches": 0, "num_partial_branches": 0, "covered_branches": 0, "missing_branches": 0, "percent_branches_covered": 100.0, "percent_branches_covered_display": "100"}, "missing_lines": [], "excluded_lines": [], "start_line": 28, "executed_branches": [], "missing_branches": []}, "_lexicographic_min_first": {"executed_lines": [34, 39], "summary": {"covered_lines": 2, "num_statements": 2, "percent_covered": 100.0, "percent_covered_display": "100", "missing_lines": 0, "excluded_lines": 0, "percent_statements_covered": 100.0, "percent_statements_covered_display": "100", "num_branches": 0, "num_partial_branches": 0, "covered_branches": 0, "missing_branches": 0, "percent_branches_covered": 100.0, "percent_branches_covered_display": "100"}, "missing_lines": [], "excluded_lines": [], "start_line": 33, "executed_branches": [], "missing_branches": []}, "_duplicate_boundary_pairs": {"executed_lines": [52, 53, 54, 55, 57, 58, 59, 60, 61, 62, 63, 64, 65, 66, 67, 68, 69, 70, 71, 72, 73, 74], "summary": {"covered_lines": 22, "num_statements": 23, "percent_covered": 92.0, "percent_covered_display": "92", "missing_lines": 1, "excluded_lines": 0, "percent_statements_covered": 95.65217391304348, "percent_statements_covered_display": "96", "num_branches": 2, "num_partial_branches": 1, "covered_branches": 1, "missing_branches": 1, "percent_branches_covered": 50.0, "percent_branches_covered_display": "50"}, "missing_lines": [56], "excluded_lines": [], "start_line": 42, "executed_branches": [[55, 57]], "missing_branches": [[55, 56]]}, "refine_edge_geometry": {"executed_lines": [85, 86, 88, 89, 90, 91, 94, 95, 96, 97, 99, 100, 101, 102, 103, 104, 105, 106, 107, 108, 109, 110, 111, 112, 113, 114, 115, 116, 119, 121, 122, 123, 124, 125, 126, 128], "summary": {"covered_lines": 36, "num_statements": 40, "percent_covered": 83.33333333333333, "percent_covered_display": "83", "missing_lines": 4, "excluded_lines": 0, "percent_statements_covered": 90.0, "percent_statements_covered_display": "90", "num_branches": 14, "num_partial_branches": 5, "covered_branches": 9, "missing_branches": 5, "percent_branches_covered": 64.28571428571429, "percent_branches_covered_display": "64"}, "missing_lines": [87, 92, 117, 120], "excluded_lines": [], "start_line": 77, "executed_branches": [[86, 88], [89, 90], [91, 94], [101, 102], [101, 116], [116, 119], [119, 121], [121, 122], [121, 128]], "missing_branches": [[86, 87], [89, 91], [91, 92], [116, 117], [119, 120]]}, "": {"executed_lines": [15, 17, 19, 21, 23, 24, 25, 28, 33, 42, 77, 131], "summary": {"covered_lines": 12, "num_statements": 12, "percent_covered": 100.0, "percent_covered_display": "100", "missing_lines": 0, "excluded_lines": 0, "percent_statements_covered": 100.0, "percent_statements_covered_display": "100", "num_branches": 0, "num_partial_branches": 0, "covered_branches": 0, "missing_branches": 0, "percent_branches_covered": 100.0, "percent_branches_covered_display": "100"}, "missing_lines": [], "excluded_lines": [], "start_line": 1, "executed_branches": [], "missing_branches": []}}, "classes": {"": {"executed_lines": [15, 17, 19, 21, 23, 24, 25, 28, 29, 30, 33, 34, 39, 42, 52, 53, 54, 55, 57, 58, 59, 60, 61, 62, 63, 64, 65, 66, 67, 68, 69, 70, 71, 72, 73, 74, 77, 85, 86, 88, 89, 90, 91, 94, 95, 96, 97, 99, 100, 101, 102, 103, 104, 105, 106, 107, 108, 109, 110, 111, 112, 113, 114, 115, 116, 119, 121, 122, 123, 124, 125, 126, 128, 131], "summary": {"covered_lines": 74, "num_statements": 79, "percent_covered": 88.42105263157895, "percent_covered_display": "88", "missing_lines": 5, "excluded_lines": 0, "percent_statements_covered": 93.67088607594937, "percent_statements_covered_display": "94", "num_branches": 16, "num_partial_branches": 6, "covered_branches": 10, "missing_branches": 6, "percent_branches_covered": 62.5, "percent_branches_covered_display": "62"}, "missing_lines": [56, 87, 92, 117, 120], "excluded_lines": [], "start_line": 1, "executed_branches": [[55, 57], [86, 88], [89, 90], [91, 94], [101, 102], [101, 116], [116, 119], [119, 121], [121, 122], [121, 128]], "missing_branches": [[55, 56], [86, 87], [89, 91], [91, 92], [116, 117], [119, 120]]}}}, "src\\witwin\\channel_native\\core\\field_state.py": {"executed_lines": [1, 3, 5, 7, 10, 18, 19, 21, 23, 26, 27, 30, 31, 33, 34, 35, 36, 38, 40, 42, 43, 46, 47, 50, 51, 52, 54, 55, 56, 57, 58, 60, 62, 64, 66, 68, 70, 71, 72, 75, 76, 77, 79, 82, 88, 89, 94, 95, 96, 97, 98, 99, 102, 104], "summary": {"covered_lines": 54, "num_statements": 68, "percent_covered": 72.54901960784314, "percent_covered_display": "73", "missing_lines": 14, "excluded_lines": 0, "percent_statements_covered": 79.41176470588235, "percent_statements_covered_display": "79", "num_branches": 34, "num_partial_branches": 14, "covered_branches": 20, "missing_branches": 14, "percent_branches_covered": 58.8235294117647, "percent_branches_covered_display": "59"}, "missing_lines": [20, 22, 37, 39, 41, 59, 61, 63, 65, 67, 69, 78, 101, 103], "excluded_lines": [], "executed_branches": [[19, 21], [21, 23], [36, 38], [38, 40], [40, 42], [58, 60], [60, 62], [62, 64], [64, 66], [66, 68], [68, 70], [77, 79], [88, 89], [88, 94], [95, 96], [95, 102], [96, 97], [96, 98], [98, 99], [102, 104]], "missing_branches": [[19, 20], [21, 22], [36, 37], [38, 39], [40, 41], [58, 59], [60, 61], [62, 63], [64, 65], [66, 67], [68, 69], [77, 78], [98, 101], [102, 103]], "functions": {"_validate_rows": {"executed_lines": [19, 21, 23], "summary": {"covered_lines": 3, "num_statements": 5, "percent_covered": 55.55555555555556, "percent_covered_display": "56", "missing_lines": 2, "excluded_lines": 0, "percent_statements_covered": 60.0, "percent_statements_covered_display": "60", "num_branches": 4, "num_partial_branches": 2, "covered_branches": 2, "missing_branches": 2, "percent_branches_covered": 50.0, "percent_branches_covered_display": "50"}, "missing_lines": [20, 22], "excluded_lines": [], "start_line": 18, "executed_branches": [[19, 21], [21, 23]], "missing_branches": [[19, 20], [21, 22]]}, "Complex3State.__post_init__": {"executed_lines": [34, 35, 36, 38, 40, 42, 43], "summary": {"covered_lines": 7, "num_statements": 10, "percent_covered": 62.5, "percent_covered_display": "62", "missing_lines": 3, "excluded_lines": 0, "percent_statements_covered": 70.0, "percent_statements_covered_display": "70", "num_branches": 6, "num_partial_branches": 3, "covered_branches": 3, "missing_branches": 3, "percent_branches_covered": 50.0, "percent_branches_covered_display": "50"}, "missing_lines": [37, 39, 41], "excluded_lines": [], "start_line": 33, "executed_branches": [[36, 38], [38, 40], [40, 42]], "missing_branches": [[36, 37], [38, 39], [40, 41]]}, "JonesState.__post_init__": {"executed_lines": [55, 56, 57, 58, 60, 62, 64, 66, 68, 70, 71, 72], "summary": {"covered_lines": 12, "num_statements": 18, "percent_covered": 60.0, "percent_covered_display": "60", "missing_lines": 6, "excluded_lines": 0, "percent_statements_covered": 66.66666666666667, "percent_statements_covered_display": "67", "num_branches": 12, "num_partial_branches": 6, "covered_branches": 6, "missing_branches": 6, "percent_branches_covered": 50.0, "percent_branches_covered_display": "50"}, "missing_lines": [59, 61, 63, 65, 67, 69], "excluded_lines": [], "start_line": 54, "executed_branches": [[58, 60], [60, 62], [62, 64], [64, 66], [66, 68], [68, 70]], "missing_branches": [[58, 59], [60, 61], [62, 63], [64, 65], [66, 67], [68, 69]]}, "transmitter_polarizations": {"executed_lines": [76, 77, 79], "summary": {"covered_lines": 3, "num_statements": 4, "percent_covered": 66.66666666666667, "percent_covered_display": "67", "missing_lines": 1, "excluded_lines": 0, "percent_statements_covered": 75.0, "percent_statements_covered_display": "75", "num_branches": 2, "num_partial_branches": 1, "covered_branches": 1, "missing_branches": 1, "percent_branches_covered": 50.0, "percent_branches_covered_display": "50"}, "missing_lines": [78], "excluded_lines": [], "start_line": 75, "executed_branches": [[77, 79]], "missing_branches": [[77, 78]]}, "receiver_polarizations": {"executed_lines": [88, 89, 94, 95, 96, 97, 98, 99, 102, 104], "summary": {"covered_lines": 10, "num_statements": 12, "percent_covered": 81.81818181818181, "percent_covered_display": "82", "missing_lines": 2, "excluded_lines": 0, "percent_statements_covered": 83.33333333333333, "percent_statements_covered_display": "83", "num_branches": 10, "num_partial_branches": 2, "covered_branches": 8, "missing_branches": 2, "percent_branches_covered": 80.0, "percent_branches_covered_display": "80"}, "missing_lines": [101, 103], "excluded_lines": [], "start_line": 82, "executed_branches": [[88, 89], [88, 94], [95, 96], [95, 102], [96, 97], [96, 98], [98, 99], [102, 104]], "missing_branches": [[98, 101], [102, 103]]}, "": {"executed_lines": [1, 3, 5, 7, 10, 18, 26, 27, 30, 31, 33, 46, 47, 50, 51, 52, 54, 75, 82], "summary": {"covered_lines": 19, "num_statements": 19, "percent_covered": 100.0, "percent_covered_display": "100", "missing_lines": 0, "excluded_lines": 0, "percent_statements_covered": 100.0, "percent_statements_covered_display": "100", "num_branches": 0, "num_partial_branches": 0, "covered_branches": 0, "missing_branches": 0, "percent_branches_covered": 100.0, "percent_branches_covered_display": "100"}, "missing_lines": [], "excluded_lines": [], "start_line": 1, "executed_branches": [], "missing_branches": []}}, "classes": {"Complex3State": {"executed_lines": [34, 35, 36, 38, 40, 42, 43], "summary": {"covered_lines": 7, "num_statements": 10, "percent_covered": 62.5, "percent_covered_display": "62", "missing_lines": 3, "excluded_lines": 0, "percent_statements_covered": 70.0, "percent_statements_covered_display": "70", "num_branches": 6, "num_partial_branches": 3, "covered_branches": 3, "missing_branches": 3, "percent_branches_covered": 50.0, "percent_branches_covered_display": "50"}, "missing_lines": [37, 39, 41], "excluded_lines": [], "start_line": 27, "executed_branches": [[36, 38], [38, 40], [40, 42]], "missing_branches": [[36, 37], [38, 39], [40, 41]]}, "JonesState": {"executed_lines": [55, 56, 57, 58, 60, 62, 64, 66, 68, 70, 71, 72], "summary": {"covered_lines": 12, "num_statements": 18, "percent_covered": 60.0, "percent_covered_display": "60", "missing_lines": 6, "excluded_lines": 0, "percent_statements_covered": 66.66666666666667, "percent_statements_covered_display": "67", "num_branches": 12, "num_partial_branches": 6, "covered_branches": 6, "missing_branches": 6, "percent_branches_covered": 50.0, "percent_branches_covered_display": "50"}, "missing_lines": [59, 61, 63, 65, 67, 69], "excluded_lines": [], "start_line": 47, "executed_branches": [[58, 60], [60, 62], [62, 64], [64, 66], [66, 68], [68, 70]], "missing_branches": [[58, 59], [60, 61], [62, 63], [64, 65], [66, 67], [68, 69]]}, "": {"executed_lines": [1, 3, 5, 7, 10, 18, 19, 21, 23, 26, 27, 30, 31, 33, 46, 47, 50, 51, 52, 54, 75, 76, 77, 79, 82, 88, 89, 94, 95, 96, 97, 98, 99, 102, 104], "summary": {"covered_lines": 35, "num_statements": 40, "percent_covered": 82.14285714285714, "percent_covered_display": "82", "missing_lines": 5, "excluded_lines": 0, "percent_statements_covered": 87.5, "percent_statements_covered_display": "88", "num_branches": 16, "num_partial_branches": 5, "covered_branches": 11, "missing_branches": 5, "percent_branches_covered": 68.75, "percent_branches_covered_display": "69"}, "missing_lines": [20, 22, 78, 101, 103], "excluded_lines": [], "start_line": 1, "executed_branches": [[19, 21], [21, 23], [77, 79], [88, 89], [88, 94], [95, 96], [95, 102], [96, 97], [96, 98], [98, 99], [102, 104]], "missing_branches": [[19, 20], [21, 22], [77, 78], [98, 101], [102, 103]]}}}, "src\\witwin\\channel_native\\core\\kernels\\__init__.py": {"executed_lines": [3, 4, 6], "summary": {"covered_lines": 3, "num_statements": 3, "percent_covered": 100.0, "percent_covered_display": "100", "missing_lines": 0, "excluded_lines": 0, "percent_statements_covered": 100.0, "percent_statements_covered_display": "100", "num_branches": 0, "num_partial_branches": 0, "covered_branches": 0, "missing_branches": 0, "percent_branches_covered": 100.0, "percent_branches_covered_display": "100"}, "missing_lines": [], "excluded_lines": [], "executed_branches": [], "missing_branches": [], "functions": {"": {"executed_lines": [3, 4, 6], "summary": {"covered_lines": 3, "num_statements": 3, "percent_covered": 100.0, "percent_covered_display": "100", "missing_lines": 0, "excluded_lines": 0, "percent_statements_covered": 100.0, "percent_statements_covered_display": "100", "num_branches": 0, "num_partial_branches": 0, "covered_branches": 0, "missing_branches": 0, "percent_branches_covered": 100.0, "percent_branches_covered_display": "100"}, "missing_lines": [], "excluded_lines": [], "start_line": 1, "executed_branches": [], "missing_branches": []}}, "classes": {"": {"executed_lines": [3, 4, 6], "summary": {"covered_lines": 3, "num_statements": 3, "percent_covered": 100.0, "percent_covered_display": "100", "missing_lines": 0, "excluded_lines": 0, "percent_statements_covered": 100.0, "percent_statements_covered_display": "100", "num_branches": 0, "num_partial_branches": 0, "covered_branches": 0, "missing_branches": 0, "percent_branches_covered": 100.0, "percent_branches_covered_display": "100"}, "missing_lines": [], "excluded_lines": [], "start_line": 1, "executed_branches": [], "missing_branches": []}}}, "src\\witwin\\channel_native\\core\\kernels\\extension.py": {"executed_lines": [1, 3, 4, 6, 9, 20, 21, 22, 23, 24, 27, 30, 31, 34, 35, 36, 37], "summary": {"covered_lines": 17, "num_statements": 18, "percent_covered": 90.9090909090909, "percent_covered_display": "91", "missing_lines": 1, "excluded_lines": 0, "percent_statements_covered": 94.44444444444444, "percent_statements_covered_display": "94", "num_branches": 4, "num_partial_branches": 1, "covered_branches": 3, "missing_branches": 1, "percent_branches_covered": 75.0, "percent_branches_covered_display": "75"}, "missing_lines": [32], "excluded_lines": [], "executed_branches": [[22, 23], [22, 24], [31, 34]], "missing_branches": [[31, 32]], "functions": {"native_extension": {"executed_lines": [21, 22, 23, 24], "summary": {"covered_lines": 4, "num_statements": 4, "percent_covered": 100.0, "percent_covered_display": "100", "missing_lines": 0, "excluded_lines": 0, "percent_statements_covered": 100.0, "percent_statements_covered_display": "100", "num_branches": 2, "num_partial_branches": 0, "covered_branches": 2, "missing_branches": 0, "percent_branches_covered": 100.0, "percent_branches_covered_display": "100"}, "missing_lines": [], "excluded_lines": [], "start_line": 20, "executed_branches": [[22, 23], [22, 24]], "missing_branches": []}, "build_info": {"executed_lines": [30, 31, 34, 35, 36, 37], "summary": {"covered_lines": 6, "num_statements": 7, "percent_covered": 77.77777777777777, "percent_covered_display": "78", "missing_lines": 1, "excluded_lines": 0, "percent_statements_covered": 85.71428571428571, "percent_statements_covered_display": "86", "num_branches": 2, "num_partial_branches": 1, "covered_branches": 1, "missing_branches": 1, "percent_branches_covered": 50.0, "percent_branches_covered_display": "50"}, "missing_lines": [32], "excluded_lines": [], "start_line": 27, "executed_branches": [[31, 34]], "missing_branches": [[31, 32]]}, "": {"executed_lines": [1, 3, 4, 6, 9, 20, 27], "summary": {"covered_lines": 7, "num_statements": 7, "percent_covered": 100.0, "percent_covered_display": "100", "missing_lines": 0, "excluded_lines": 0, "percent_statements_covered": 100.0, "percent_statements_covered_display": "100", "num_branches": 0, "num_partial_branches": 0, "covered_branches": 0, "missing_branches": 0, "percent_branches_covered": 100.0, "percent_branches_covered_display": "100"}, "missing_lines": [], "excluded_lines": [], "start_line": 1, "executed_branches": [], "missing_branches": []}}, "classes": {"": {"executed_lines": [1, 3, 4, 6, 9, 20, 21, 22, 23, 24, 27, 30, 31, 34, 35, 36, 37], "summary": {"covered_lines": 17, "num_statements": 18, "percent_covered": 90.9090909090909, "percent_covered_display": "91", "missing_lines": 1, "excluded_lines": 0, "percent_statements_covered": 94.44444444444444, "percent_statements_covered_display": "94", "num_branches": 4, "num_partial_branches": 1, "covered_branches": 3, "missing_branches": 1, "percent_branches_covered": 75.0, "percent_branches_covered_display": "75"}, "missing_lines": [32], "excluded_lines": [], "start_line": 1, "executed_branches": [[22, 23], [22, 24], [31, 34]], "missing_branches": [[31, 32]]}}}, "src\\witwin\\channel_native\\core\\kernels\\metadata.py": {"executed_lines": [1, 3, 4, 6, 9, 10, 21, 22, 24, 25, 26, 27, 28, 31, 43, 45, 65, 85, 110, 111, 114, 115, 116, 117, 119, 122, 134, 135, 136, 138, 143, 146, 147, 149, 150, 152, 155, 156, 159, 162, 163, 164], "summary": {"covered_lines": 42, "num_statements": 48, "percent_covered": 83.33333333333333, "percent_covered_display": "83", "missing_lines": 6, "excluded_lines": 0, "percent_statements_covered": 87.5, "percent_statements_covered_display": "88", "num_branches": 30, "num_partial_branches": 7, "covered_branches": 23, "missing_branches": 7, "percent_branches_covered": 76.66666666666667, "percent_branches_covered_display": "77"}, "missing_lines": [120, 144, 153, 157, 160, 165], "excluded_lines": [], "executed_branches": [[26, -24], [26, 27], [27, 28], [115, 116], [115, 119], [116, 115], [116, 117], [119, 122], [122, 134], [122, 138], [135, 122], [135, 136], [143, 146], [146, 147], [146, 149], [149, 150], [149, 152], [152, 155], [156, 159], [159, 162], [162, -114], [162, 163], [164, 162]], "missing_branches": [[27, 26], [119, 120], [143, 144], [152, 153], [156, 157], [159, 160], [164, 165]], "functions": {"AdLaunchLedger.add": {"executed_lines": [25, 26, 27, 28], "summary": {"covered_lines": 4, "num_statements": 4, "percent_covered": 87.5, "percent_covered_display": "88", "missing_lines": 0, "excluded_lines": 0, "percent_statements_covered": 100.0, "percent_statements_covered_display": "100", "num_branches": 4, "num_partial_branches": 1, "covered_branches": 3, "missing_branches": 1, "percent_branches_covered": 75.0, "percent_branches_covered_display": "75"}, "missing_lines": [], "excluded_lines": [], "start_line": 24, "executed_branches": [[26, -24], [26, 27], [27, 28]], "missing_branches": [[27, 26]]}, "make_metadata": {"executed_lines": [85, 110, 111], "summary": {"covered_lines": 3, "num_statements": 3, "percent_covered": 100.0, "percent_covered_display": "100", "missing_lines": 0, "excluded_lines": 0, "percent_statements_covered": 100.0, "percent_statements_covered_display": "100", "num_branches": 0, "num_partial_branches": 0, "covered_branches": 0, "missing_branches": 0, "percent_branches_covered": 100.0, "percent_branches_covered_display": "100"}, "missing_lines": [], "excluded_lines": [], "start_line": 65, "executed_branches": [], "missing_branches": []}, "validate_metadata": {"executed_lines": [115, 116, 117, 119, 122, 134, 135, 136, 138, 143, 146, 147, 149, 150, 152, 155, 156, 159, 162, 163, 164], "summary": {"covered_lines": 21, "num_statements": 27, "percent_covered": 77.35849056603773, "percent_covered_display": "77", "missing_lines": 6, "excluded_lines": 0, "percent_statements_covered": 77.77777777777777, "percent_statements_covered_display": "78", "num_branches": 26, "num_partial_branches": 6, "covered_branches": 20, "missing_branches": 6, "percent_branches_covered": 76.92307692307692, "percent_branches_covered_display": "77"}, "missing_lines": [120, 144, 153, 157, 160, 165], "excluded_lines": [], "start_line": 114, "executed_branches": [[115, 116], [115, 119], [116, 115], [116, 117], [119, 122], [122, 134], [122, 138], [135, 122], [135, 136], [143, 146], [146, 147], [146, 149], [149, 150], [149, 152], [152, 155], [156, 159], [159, 162], [162, -114], [162, 163], [164, 162]], "missing_branches": [[119, 120], [143, 144], [152, 153], [156, 157], [159, 160], [164, 165]]}, "": {"executed_lines": [1, 3, 4, 6, 9, 10, 21, 22, 24, 31, 43, 45, 65, 114], "summary": {"covered_lines": 14, "num_statements": 14, "percent_covered": 100.0, "percent_covered_display": "100", "missing_lines": 0, "excluded_lines": 0, "percent_statements_covered": 100.0, "percent_statements_covered_display": "100", "num_branches": 0, "num_partial_branches": 0, "covered_branches": 0, "missing_branches": 0, "percent_branches_covered": 100.0, "percent_branches_covered_display": "100"}, "missing_lines": [], "excluded_lines": [], "start_line": 1, "executed_branches": [], "missing_branches": []}}, "classes": {"AdLaunchLedger": {"executed_lines": [25, 26, 27, 28], "summary": {"covered_lines": 4, "num_statements": 4, "percent_covered": 87.5, "percent_covered_display": "88", "missing_lines": 0, "excluded_lines": 0, "percent_statements_covered": 100.0, "percent_statements_covered_display": "100", "num_branches": 4, "num_partial_branches": 1, "covered_branches": 3, "missing_branches": 1, "percent_branches_covered": 75.0, "percent_branches_covered_display": "75"}, "missing_lines": [], "excluded_lines": [], "start_line": 10, "executed_branches": [[26, -24], [26, 27], [27, 28]], "missing_branches": [[27, 26]]}, "": {"executed_lines": [1, 3, 4, 6, 9, 10, 21, 22, 24, 31, 43, 45, 65, 85, 110, 111, 114, 115, 116, 117, 119, 122, 134, 135, 136, 138, 143, 146, 147, 149, 150, 152, 155, 156, 159, 162, 163, 164], "summary": {"covered_lines": 38, "num_statements": 44, "percent_covered": 82.85714285714286, "percent_covered_display": "83", "missing_lines": 6, "excluded_lines": 0, "percent_statements_covered": 86.36363636363636, "percent_statements_covered_display": "86", "num_branches": 26, "num_partial_branches": 6, "covered_branches": 20, "missing_branches": 6, "percent_branches_covered": 76.92307692307692, "percent_branches_covered_display": "77"}, "missing_lines": [120, 144, 153, 157, 160, 165], "excluded_lines": [], "start_line": 1, "executed_branches": [[115, 116], [115, 119], [116, 115], [116, 117], [119, 122], [122, 134], [122, 138], [135, 122], [135, 136], [143, 146], [146, 147], [146, 149], [149, 150], [149, 152], [152, 155], [156, 159], [159, 162], [162, -114], [162, 163], [164, 162]], "missing_branches": [[119, 120], [143, 144], [152, 153], [156, 157], [159, 160], [164, 165]]}}}, "src\\witwin\\channel_native\\core\\kernels\\ops.py": {"executed_lines": [1, 3, 5, 6, 9, 17, 19, 20, 21, 22, 23, 25, 26, 27, 29, 32, 33, 34, 35, 36, 39, 43, 46, 47, 48, 49, 50, 51, 60, 63, 71, 79, 80, 82, 83, 84, 86, 89, 90, 91, 92, 99, 101, 102, 103, 104, 108, 109, 110, 114, 117, 140, 143, 145, 147, 148, 149, 150, 151, 152, 153, 156, 160, 176, 181, 183, 185, 186, 187, 188, 191, 192, 193, 196, 200, 201, 202, 203, 204, 205, 206, 207, 210, 211, 212, 213, 216, 219, 228, 231, 232, 235, 238, 241, 242, 243, 245, 247, 249, 251, 252, 261, 270, 274, 275, 276, 281, 286, 289, 292, 293, 294, 298, 302, 305, 308, 309, 310, 317, 321, 325, 328, 340, 341, 345, 346, 349, 356, 363, 369, 370, 371, 372, 375, 376, 379, 381, 387, 389, 391, 400, 401, 403, 405, 416, 419, 422, 431, 432, 433, 435, 441, 442, 444, 452, 456, 469, 470, 474, 475, 478, 485, 492, 498, 501, 502, 504, 513, 515, 516, 518, 520, 532, 535, 538, 549, 550, 551, 553, 555, 557, 558, 559, 560, 562, 563, 564, 567, 577, 580, 583, 589, 590, 591, 593, 594, 596, 601, 605, 609, 612, 615, 616, 620, 626, 629, 636, 637, 639, 640, 644, 650, 654, 665, 666, 667, 671, 674, 678, 679, 680, 682, 684, 685, 688, 691, 692, 693, 694, 698, 702, 705, 710, 711, 712, 714, 717, 720, 724, 727, 730, 732, 733, 734, 735, 736, 737, 740, 743, 750, 751, 753, 755, 761, 763, 764, 766, 769, 770, 771, 772, 776, 777, 778, 779, 783, 784, 787, 788, 789, 790, 794, 797, 798, 799, 800, 802, 803, 805, 806, 808, 811, 825, 828, 829, 832, 833, 834, 835, 836, 838, 839, 841, 854, 858, 861, 868, 869, 872, 873, 876, 877, 878, 879, 880, 882, 883, 887, 890, 914, 921, 923, 924, 925, 926, 927, 928, 929, 931, 933, 934, 935, 937, 939, 941, 943, 944, 946, 948, 950, 951, 974, 979, 982, 998, 1001, 1003, 1004, 1005, 1007, 1009, 1011, 1013, 1015, 1017, 1018, 1020, 1022, 1024, 1025, 1040, 1044, 1052, 1056, 1059, 1061, 1062, 1066, 1071, 1072, 1073, 1076, 1080, 1081, 1082, 1086, 1089, 1090, 1091, 1093, 1094, 1096, 1097, 1099, 1100, 1104, 1107, 1133, 1140, 1141, 1142, 1143, 1144, 1145, 1152, 1155, 1159, 1162, 1166, 1173, 1174, 1177, 1194, 1198, 1200, 1202, 1203, 1205, 1212, 1213, 1216, 1217, 1219, 1220, 1223, 1232, 1233, 1234, 1236, 1238, 1254, 1258, 1261, 1265, 1268, 1300, 1313, 1316, 1317, 1319, 1321, 1324, 1328, 1329, 1333, 1336, 1359, 1382, 1407, 1422, 1448, 1455, 1456, 1457, 1458, 1459, 1460, 1467, 1470, 1474, 1477, 1481, 1488, 1489, 1492, 1495, 1497, 1499, 1500, 1503, 1505, 1508, 1511, 1517, 1520, 1522, 1525, 1529, 1532, 1533, 1534, 1537, 1538, 1541, 1544, 1570, 1571, 1572, 1573, 1577, 1578, 1581, 1595, 1596, 1599, 1602, 1603, 1604, 1605, 1606, 1607, 1608, 1609, 1610, 1611, 1625, 1629, 1630, 1633, 1636, 1637, 1638, 1641, 1644, 1645, 1646, 1647, 1650, 1651, 1654, 1669, 1670, 1673, 1676, 1677, 1678, 1679, 1680, 1681, 1682, 1683, 1684, 1685, 1687, 1702, 1706, 1707, 1710, 1713, 1714, 1715, 1718, 1721, 1722, 1723, 1724, 1727, 1728, 1731, 1746, 1747, 1750, 1753, 1754, 1755, 1756, 1757, 1758, 1759, 1760, 1761, 1762, 1764, 1779, 1783, 1784, 1787, 1790, 1791, 1792, 1795, 1798, 1799, 1800, 1801, 1804, 1805, 1808, 1866, 1914, 1927, 1957, 1963, 1965, 1967, 1969, 1971, 1977, 1981, 1982, 1983, 1984, 1985, 1986, 1989, 1995, 1998, 1999, 2000, 2001, 2008, 2012, 2015, 2024, 2034, 2038, 2039, 2043, 2046, 2047, 2051, 2055, 2058, 2072, 2081, 2084, 2087, 2088, 2090, 2092, 2093, 2094, 2096, 2098, 2103, 2105, 2114, 2116, 2117, 2118, 2120, 2121, 2124, 2127, 2128, 2129, 2132, 2133, 2137, 2138, 2142, 2146, 2149, 2150, 2154, 2158, 2161, 2162, 2166, 2170, 2173, 2174, 2178, 2179, 2183, 2187, 2190, 2191, 2192, 2193, 2194, 2197, 2198, 2200, 2201, 2205, 2209, 2212, 2213, 2217, 2218, 2222, 2226, 2242, 2245, 2246, 2251, 2255, 2263, 2264, 2265, 2266, 2272, 2273, 2277, 2278, 2279, 2280, 2281, 2283, 2286, 2287, 2288, 2289, 2290, 2293, 2296, 2299, 2310, 2311, 2312, 2317, 2319, 2321, 2324, 2325, 2326, 2329, 2330, 2331, 2332, 2333, 2337, 2344, 2346, 2348, 2350, 2352, 2358, 2370, 2371, 2372, 2374, 2376, 2378, 2379, 2380, 2381, 2384, 2385, 2387, 2390, 2410, 2413, 2416, 2417, 2418, 2421, 2422, 2423, 2425, 2426, 2465, 2478, 2481, 2484, 2485, 2488, 2489, 2490, 2491, 2495, 2496, 2498, 2499, 2500, 2501, 2514, 2516, 2519, 2520, 2524, 2525, 2529, 2533, 2536, 2551, 2554, 2557, 2558, 2561, 2568, 2571, 2578, 2579, 2580, 2581, 2583, 2584, 2585, 2586, 2592, 2597, 2599, 2600, 2603, 2618, 2622, 2625, 2640, 2643, 2646, 2647, 2650, 2657, 2660, 2667, 2668, 2669, 2670, 2671, 2672, 2678, 2683, 2685, 2686, 2687, 2688, 2703, 2707, 2710, 2719, 2720, 2721, 2730, 2732, 2733, 2734, 2735, 2736, 2737, 2738, 2739, 2740, 2741, 2742, 2743, 2744, 2745, 2748, 2749, 2751, 2752, 2753, 2810, 2811, 2812, 2813, 2814, 2838, 2841, 2857, 2860, 2863, 2866, 2867, 2868, 2877, 2888, 2898, 2899, 2900, 2901, 2902, 2911, 2912, 2913, 2914, 2915, 2916, 2917, 2918, 2929, 2939, 2943, 2944, 2945, 3004, 3005, 3015, 3025, 3026, 3052, 3055, 3066, 3082, 3091, 3108, 3117, 3120, 3123, 3124, 3127, 3134, 3135, 3136, 3137, 3138, 3139, 3140, 3141, 3142, 3144, 3146, 3148, 3151, 3168, 3171, 3172, 3173, 3174, 3191, 3196, 3199, 3213, 3216, 3217, 3218, 3219, 3233, 3237, 3240, 3245, 3247, 3249, 3251, 3253, 3258, 3262, 3265, 3268, 3269, 3271, 3276, 3280, 3283, 3293, 3294, 3308, 3323, 3325, 3326, 3327, 3328, 3342, 3343, 3344, 3345, 3349, 3355, 3356, 3357, 3361, 3365, 3367, 3368, 3369, 3426, 3427, 3435, 3444, 3445, 3470, 3471, 3481, 3491, 3515, 3518, 3521, 3522, 3525, 3532, 3534, 3548, 3551, 3560, 3561, 3562, 3564, 3565, 3566, 3567, 3568, 3569, 3570, 3572, 3573, 3574, 3592, 3593, 3594, 3595, 3597, 3598, 3608, 3619, 3626, 3631, 3641, 3645, 3646, 3650, 3654, 3670, 3671, 3672, 3674, 3675, 3679, 3680, 3682, 3687, 3689, 3691, 3694, 3703, 3709, 3712, 3713, 3714, 3719, 3721, 3729, 3731, 3740, 3742, 3743, 3744, 3746, 3749, 3754, 3755, 3758, 3765, 3766, 3768, 3770, 3773, 3775, 3776, 3777, 3779, 3782, 3798, 3804, 3807, 3811, 3814, 3815, 3816, 3817, 3819, 3821, 3828, 3829, 3831, 3833, 3848, 3850, 3859, 3861, 3862, 3863, 3865, 3868, 3887, 3893, 3896, 3900, 3903, 3906, 3909, 3910, 3911, 3912, 3914, 3916, 3918, 3920, 3925, 3934, 3936, 3954, 3956, 3965, 3967, 3968, 3969, 3971, 3974, 3990, 4002, 4003, 4004, 4005, 4007, 4009, 4018, 4020, 4031, 4033, 4035, 4036, 4037, 4039, 4042, 4082, 4099, 4115, 4117, 4120, 4130, 4131, 4143, 4154, 4156, 4157, 4158, 4159, 4160, 4164, 4165, 4170, 4171, 4173, 4174, 4175, 4216, 4217, 4230, 4233, 4234, 4239, 4240, 4245, 4250, 4255, 4256, 4264, 4265, 4274, 4277, 4298, 4300, 4312, 4315, 4323, 4324, 4325, 4326, 4327, 4329, 4330, 4332, 4335, 4344, 4345, 4346, 4347, 4352, 4361, 4362, 4363, 4364, 4365, 4366, 4369, 4370, 4372, 4375, 4390, 4391, 4392, 4404, 4405, 4407, 4410, 4430, 4442, 4443, 4444, 4447, 4449, 4451, 4458, 4459, 4460, 4462, 4464, 4476, 4478, 4485, 4487, 4488, 4489, 4491, 4505, 4514, 4524, 4535, 4536, 4538, 4539, 4542, 4543, 4544, 4545, 4546, 4548, 4551, 4558, 4572, 4576, 4577, 4587, 4596, 4597, 4599, 4600, 4601, 4603, 4606, 4611, 4614, 4615, 4616, 4621, 4623, 4625, 4628, 4645, 4661, 4662, 4664, 4667, 4679, 4690, 4692, 4695, 4723, 4750, 4761, 4765, 4768, 4793, 4817, 4821, 4824, 4854, 4883, 4893, 4897, 4900, 4927, 4953, 4957, 4960, 4971, 4972, 4981, 4986, 4994, 4996, 4997, 4998, 4999, 5008, 5012, 5013, 5018, 5019, 5020, 5021, 5022, 5024, 5026, 5027, 5028, 5096, 5097, 5107, 5115, 5116, 5119, 5122, 5123, 5129, 5130, 5131, 5142, 5143, 5144, 5148, 5165, 5166, 5167, 5176, 5179, 5190, 5191, 5207, 5222, 5224, 5225, 5226, 5227, 5228, 5232, 5233, 5238, 5239, 5240, 5241, 5242, 5244, 5246, 5247, 5248, 5355, 5356, 5373, 5382, 5383, 5384, 5387, 5390, 5395, 5400, 5405, 5410, 5415, 5420, 5421, 5433, 5434, 5447, 5448, 5449, 5453, 5477, 5478, 5479, 5495, 5498, 5511, 5512, 5531, 5549, 5551, 5552, 5553, 5554, 5555, 5559, 5560, 5565, 5566, 5567, 5568, 5569, 5571, 5573, 5574, 5575, 5661, 5662, 5755, 5782, 5783, 5784, 5803, 5814, 5815, 5824, 5885, 5899, 5900, 5929, 5957, 5959, 5960, 5961, 5962, 5963, 5967, 5973, 5974, 5975, 5980, 5981, 5984, 5985, 5987, 5988, 5989, 5990, 5991, 5992, 5994, 5995, 5996, 6078, 6079, 6080, 6095, 6096, 6097, 6100, 6103, 6104, 6112, 6117, 6118, 6124, 6125, 6130, 6131, 6139, 6140, 6159, 6162, 6199, 6203, 6205, 6206, 6231, 6234, 6237, 6238, 6239, 6242, 6244, 6245, 6246, 6247, 6250, 6251, 6253, 6254, 6255, 6283, 6284, 6285, 6289, 6290, 6291, 6294, 6296, 6297, 6302, 6305, 6312, 6315, 6318, 6330, 6331, 6363, 6394, 6396, 6397, 6398, 6399, 6400, 6404, 6405, 6410, 6411, 6412, 6413, 6415, 6416, 6417, 6523, 6524, 6617, 6645, 6652, 6654, 6674, 6677, 6686, 6687, 6697, 6707, 6708, 6710, 6711, 6712, 6713, 6717, 6718, 6719, 6721, 6722, 6723, 6761, 6762, 6796, 6808, 6818, 6825, 6826, 6830, 6831, 6835, 6839, 6842, 6849, 6852, 6853, 6856, 6858, 6861, 6864, 6866, 6869, 6883, 6895, 6896, 6898, 6899, 6900, 6901, 6903, 6904, 6905, 6906, 6910, 6913, 6914, 6922, 6928, 6929, 6930, 6931, 6934, 6935, 6936, 6937, 6939, 6940, 6943, 6944, 6945, 6946, 6947, 6948, 6949, 6951, 6952, 6953, 6957, 6971, 6976, 6978, 6980, 6983, 6984, 6985, 6988, 6991, 6995, 6996, 7002, 7003, 7007, 7010, 7017, 7019, 7021, 7022, 7025, 7026, 7027, 7030, 7036, 7040, 7041, 7047, 7052, 7056, 7059, 7065, 7068, 7071, 7072, 7073, 7075, 7078, 7080, 7083, 7086, 7087, 7091, 7094, 7124, 7135, 7136, 7137, 7138, 7139, 7140, 7142, 7144, 7150, 7152, 7153, 7163, 7164, 7166, 7176, 7180, 7183, 7186, 7189, 7190, 7191, 7195, 7202, 7209, 7212, 7215, 7216, 7225, 7228, 7241, 7242, 7243, 7244, 7251, 7258, 7261, 7264, 7267, 7270, 7272, 7273, 7277, 7279, 7283, 7285, 7289, 7291, 7295, 7297, 7309, 7313, 7316, 7319, 7325, 7331, 7332, 7333, 7340, 7347, 7350, 7365, 7366, 7367, 7368, 7369, 7370, 7373, 7374, 7375, 7380, 7382, 7387, 7389, 7403, 7407, 7408, 7411, 7414, 7415, 7417, 7419, 7422, 7423, 7427, 7430, 7433, 7436, 7437, 7439, 7440, 7444, 7445, 7449, 7452, 7462, 7463, 7465, 7468, 7471, 7474, 7476, 7478, 7480, 7482, 7484, 7486, 7488, 7490, 7499, 7503, 7511, 7515, 7516, 7517, 7524, 7531, 7534, 7537, 7543, 7549, 7553, 7557, 7561, 7565, 7569, 7573, 7576, 7585, 7587, 7589, 7591, 7593, 7595, 7597, 7605, 7609, 7610, 7614, 7617, 7625, 7627, 7629, 7631, 7633, 7635, 7637, 7639, 7641, 7648, 7652, 7653, 7657, 7660, 7679, 7680, 7682, 7686, 7687, 7688, 7689, 7690, 7691, 7693, 7696, 7697, 7698, 7699, 7700, 7701, 7704, 7705, 7707, 7709, 7711, 7715, 7717, 7719, 7726, 7744, 7748, 7762, 7766, 7767, 7770, 7777, 7784, 7787, 7790, 7793, 7794, 7795, 7796, 7797, 7798, 7801, 7802, 7806, 7809, 7827, 7828, 7830, 7838, 7839, 7840, 7841, 7842, 7844, 7847, 7848, 7849, 7850, 7851, 7852, 7855, 7857, 7858, 7859, 7861, 7863, 7865, 7867, 7869, 7876, 7893, 7897, 7915, 7919, 7920, 7923, 7926, 7929, 7932, 7939, 7946, 7947, 7948, 7949, 7950, 7951, 7954, 7957, 7960, 7967, 7974, 7992, 7993, 7997, 8000, 8015, 8016, 8017, 8018, 8019, 8020, 8021, 8022, 8023, 8024, 8025, 8026, 8033, 8034, 8046, 8048, 8051, 8065, 8069, 8082, 8086, 8087, 8088, 8089, 8090, 8091, 8092, 8093, 8094, 8095, 8096, 8097, 8104, 8105, 8109, 8113, 8116, 8119, 8122, 8124, 8125, 8129, 8130, 8134, 8137, 8142, 8145, 8148, 8151, 8153, 8156, 8160, 8161, 8165, 8168, 8175, 8178, 8181, 8182, 8184, 8186, 8188, 8194, 8196, 8204, 8208, 8209, 8212, 8218, 8221, 8224, 8230, 8231, 8235, 8241, 8247, 8250, 8253, 8254, 8255, 8259, 8267, 8271, 8272, 8275, 8281, 8284, 8287, 8293, 8294, 8298, 8304, 8310, 8313, 8323, 8324, 8332, 8333, 8335, 8338, 8340, 8350, 8352, 8353, 8355, 8358, 8361, 8362, 8363, 8364, 8365, 8367, 8370, 8372, 8373, 8375, 8376, 8380, 8391, 8394, 8395, 8398, 8399, 8402, 8403, 8406, 8408, 8410, 8412, 8422, 8424, 8425, 8428, 8445, 8450, 8454, 8455, 8461, 8462, 8465, 8466, 8467, 8469, 8471, 8472, 8474, 8475, 8478, 8570, 8576, 8578, 8579, 8580, 8582, 8584, 8587, 8589, 8590, 8593, 8624, 8632, 8635, 8636, 8639, 8641, 8643, 8645, 8647, 8649, 8651, 8654, 8655, 8656, 8659, 8666, 8670, 8673, 8674, 8677, 8680, 8684, 8688, 8692, 8696, 8699, 8713, 8716, 8717, 8720, 8722, 8728, 8729, 8732, 8734, 8735, 8738, 8740, 8743, 8744, 8745, 8748, 8761, 8763, 8764, 8768, 8771, 8778, 8779, 8780, 8781, 8782, 8783, 8785, 8787, 8789, 8792, 8793, 8794, 8797, 8800, 8802, 8805, 8815, 8824, 8825, 8826, 8829, 8831, 8832, 8833, 8834, 8835, 8836, 8838, 8839, 8840, 8861, 8862, 8863, 8867, 8869, 8870, 8871, 8872, 8873, 8874, 8875, 8876, 8877, 8878, 8879, 8880, 8883, 8892, 8895, 8898, 8920, 8929, 8930, 8931, 8932, 8933, 8934, 8937, 8939, 8940, 8941, 8942, 8943, 8944, 8945, 8946, 8947, 8948, 8950, 8951, 8953, 8954, 8955, 8966, 8967, 8968, 8969, 8971, 8972, 8973, 8976, 8982, 8985, 8994, 8997, 8998, 8999, 9001, 9002, 9004, 9005, 9007, 9010, 9013, 9014, 9017, 9019, 9020, 9021, 9024, 9031, 9032, 9034, 9035, 9039, 9042, 9044, 9045, 9049, 9052, 9058, 9059, 9060, 9062, 9063, 9064, 9067, 9068, 9070, 9071, 9074, 9082, 9083, 9084, 9085, 9087, 9088, 9092, 9099, 9103, 9104, 9107, 9108, 9110, 9112, 9113, 9114, 9117, 9118, 9120, 9123, 9126, 9130, 9132, 9134, 9135, 9136, 9139, 9140, 9142, 9149, 9150, 9153, 9154, 9155, 9156, 9157, 9159, 9160, 9161, 9162, 9163, 9165, 9168, 9170, 9173, 9174, 9175, 9176, 9180, 9181, 9183, 9184, 9187, 9190, 9191, 9193, 9195, 9198, 9202, 9203, 9207, 9210, 9217, 9218, 9219, 9220, 9222, 9223, 9224, 9227, 9228, 9230, 9233, 9239, 9242, 9244, 9245, 9246, 9249, 9252, 9254, 9257, 9258, 9261, 9270, 9271, 9272, 9274, 9276, 9277, 9278, 9281, 9297, 9299, 9302, 9306, 9309, 9315, 9318, 9320, 9321, 9322, 9325, 9328, 9332, 9335, 9336, 9337, 9340, 9343, 9369, 9370, 9374, 9401, 9404, 9411, 9414, 9416, 9417, 9418, 9421, 9422, 9424, 9427, 9430, 9431, 9432, 9436, 9437, 9441, 9459, 9462, 9471, 9472, 9473, 9479, 9481, 9482, 9483, 9484, 9485, 9489, 9490, 9495, 9496, 9498, 9499, 9500, 9529, 9530, 9561, 9576, 9577, 9578, 9583, 9591, 9594, 9661, 9692, 9726, 9730, 9733, 9744, 9745, 9761, 9787, 9788, 9789, 9790, 9794, 9795, 9800, 9801, 9802, 9803, 9804, 9806, 9807, 9808, 9907, 9908, 9925, 9933, 9934, 9935, 9940, 9945, 9950, 9955, 9956, 9957, 9964, 9972, 9977, 9990, 9991, 9992, 10027, 10057, 10071, 10089, 10144, 10169, 10200, 10205, 10208, 10222, 10223, 10249, 10285, 10286, 10287, 10288, 10292, 10293, 10298, 10299, 10300, 10301, 10302, 10304, 10305, 10306, 10385, 10386, 10387, 10398, 10399, 10400, 10405, 10410, 10415, 10420, 10423, 10424, 10425, 10434, 10435, 10436, 10437, 10438, 10439, 10468, 10495, 10497, 10499, 10513, 10528, 10529, 10530, 10531, 10532, 10535, 10536, 10538, 10539, 10542, 10556, 10557, 10560, 10563, 10564, 10565, 10566, 10567, 10568, 10569, 10570, 10571, 10572, 10574, 10575, 10576, 10579, 10593, 10597, 10598, 10601, 10604, 10605, 10606, 10609, 10612, 10613, 10614, 10615, 10618, 10619, 10622, 10633, 10636, 10637, 10640, 10641, 10642, 10643, 10644, 10650, 10651, 10655, 10665, 10669, 10670, 10673, 10676, 10677, 10678, 10679, 10682, 10685, 10686, 10687, 10688, 10691, 10703, 10706, 10707, 10710, 10711, 10712, 10713, 10714, 10715, 10721, 10723, 10724, 10728, 10739, 10743, 10744, 10745, 10746, 10750, 10753, 10759, 10760, 10763, 10764, 10767, 10769, 10772, 10773, 10774, 10777, 10783, 10785, 10788, 10794, 10795, 10796, 10798, 10801, 10802, 10806, 10809, 10811, 10814, 10817, 10820, 10822, 10825, 10833, 10834, 10841, 10842, 10845, 10846, 10850, 10853, 10857, 10860, 10863, 10866, 10870, 10873, 10886, 10889, 10892, 10895, 10898, 10899, 10900, 10901, 10902, 10903, 10904, 10910, 10917, 10919, 10922, 10923, 10924, 10927, 10939, 10943, 10946, 10949, 10952, 10955, 10956, 10962, 10965, 10978, 10981, 10984, 10985, 10986, 10987, 10988, 10989, 10990, 10991, 10992, 10994, 10996, 10998, 10999, 11005, 11007, 11009, 11012, 11013, 11017, 11029, 11033, 11036, 11039, 11042, 11045, 11046, 11052, 11055, 11056, 11057, 11058, 11062, 11063, 11064, 11068, 11071, 11074, 11075, 11076, 11078, 11079, 11083, 11084, 11085, 11089, 11092, 11095, 11096, 11097, 11099, 11100, 11104, 11105, 11106, 11110, 11113, 11114, 11115, 11116, 11120, 11121, 11125, 11128, 11131, 11138, 11141, 11161, 11194, 11206, 11207, 11208, 11209, 11210, 11211, 11212, 11219, 11221, 11224, 11225, 11229, 11240, 11244, 11247, 11250, 11253, 11256, 11262, 11268, 11269, 11273, 11277, 11280, 11290, 11338, 11353, 11367, 11372, 11375, 11395, 11396, 11407, 11412, 11423, 11425, 11426, 11427, 11428, 11432, 11433, 11434, 11435, 11443, 11453, 11454, 11456, 11457, 11458, 11525, 11526, 11538, 11539, 11540, 11541, 11543, 11553, 11554, 11568, 11571, 11585, 11596], "summary": {"covered_lines": 2675, "num_statements": 3853, "percent_covered": 64.20860018298262, "percent_covered_display": "64", "missing_lines": 1178, "excluded_lines": 0, "percent_statements_covered": 69.4264209706722, "percent_statements_covered_display": "69", "num_branches": 1612, "num_partial_branches": 568, "covered_branches": 834, "missing_branches": 778, "percent_branches_covered": 51.73697270471464, "percent_branches_covered_display": "52"}, "missing_lines": [18, 24, 28, 52, 53, 54, 55, 56, 57, 81, 85, 87, 100, 105, 111, 144, 146, 157, 182, 184, 197, 244, 246, 248, 250, 260, 271, 295, 299, 314, 318, 322, 344, 380, 388, 390, 399, 402, 404, 434, 443, 453, 473, 503, 514, 517, 519, 552, 554, 556, 561, 592, 595, 602, 606, 617, 623, 638, 641, 651, 662, 668, 681, 683, 695, 699, 713, 721, 731, 752, 754, 762, 765, 773, 780, 791, 801, 804, 807, 837, 840, 855, 874, 881, 884, 922, 930, 932, 936, 938, 940, 942, 945, 947, 949, 1002, 1006, 1008, 1010, 1012, 1014, 1016, 1019, 1021, 1023, 1041, 1053, 1060, 1063, 1077, 1083, 1092, 1095, 1098, 1101, 1113, 1114, 1115, 1116, 1117, 1118, 1119, 1120, 1121, 1122, 1125, 1126, 1127, 1130, 1151, 1156, 1163, 1180, 1181, 1182, 1183, 1186, 1187, 1188, 1189, 1190, 1191, 1199, 1201, 1204, 1218, 1235, 1237, 1255, 1262, 1275, 1278, 1279, 1282, 1283, 1284, 1285, 1286, 1292, 1293, 1294, 1297, 1301, 1302, 1303, 1304, 1305, 1306, 1307, 1310, 1318, 1320, 1325, 1330, 1342, 1345, 1346, 1347, 1350, 1351, 1352, 1355, 1356, 1366, 1367, 1368, 1369, 1370, 1371, 1374, 1375, 1378, 1379, 1389, 1390, 1391, 1392, 1395, 1396, 1399, 1400, 1401, 1404, 1413, 1414, 1415, 1416, 1417, 1418, 1419, 1430, 1431, 1432, 1433, 1440, 1441, 1444, 1445, 1466, 1471, 1478, 1496, 1498, 1504, 1521, 1526, 1547, 1554, 1557, 1560, 1561, 1564, 1567, 1574, 1626, 1686, 1703, 1763, 1780, 1819, 1822, 1823, 1826, 1827, 1828, 1829, 1830, 1840, 1841, 1844, 1845, 1848, 1851, 1852, 1853, 1854, 1857, 1860, 1861, 1862, 1863, 1878, 1881, 1882, 1885, 1886, 1887, 1888, 1889, 1890, 1901, 1902, 1905, 1908, 1911, 1915, 1916, 1917, 1918, 1919, 1920, 1921, 1924, 1933, 1934, 1937, 1938, 1941, 1947, 1948, 1949, 1950, 1951, 1952, 1953, 1954, 1964, 1966, 1968, 1970, 1978, 2009, 2035, 2040, 2052, 2089, 2091, 2095, 2097, 2102, 2104, 2115, 2119, 2134, 2143, 2155, 2167, 2175, 2184, 2199, 2206, 2214, 2223, 2282, 2294, 2295, 2313, 2318, 2320, 2334, 2345, 2347, 2349, 2351, 2353, 2373, 2375, 2377, 2386, 2424, 2428, 2429, 2430, 2431, 2432, 2433, 2434, 2435, 2436, 2437, 2438, 2458, 2459, 2462, 2497, 2515, 2521, 2530, 2582, 2589, 2598, 2619, 2675, 2684, 2704, 2754, 2755, 2756, 2757, 2765, 2766, 2767, 2768, 2769, 2775, 2776, 2797, 2798, 2801, 2946, 
[...]
m_branches": 0, "num_partial_branches": 0, "covered_branches": 0, "missing_branches": 0, "percent_branches_covered": 100.0, "percent_branches_covered_display": "100"}, "missing_lines": [], "excluded_lines": [], "start_line": 77, "executed_branches": [], "missing_branches": []}, "PhaseScreenRuntime.phasor": {"executed_lines": [87, 88, 89, 90, 91], "summary": {"covered_lines": 5, "num_statements": 5, "percent_covered": 85.71428571428571, "percent_covered_display": "86", "missing_lines": 0, "excluded_lines": 0, "percent_statements_covered": 100.0, "percent_statements_covered_display": "100", "num_branches": 2, "num_partial_branches": 1, "covered_branches": 1, "missing_branches": 1, "percent_branches_covered": 50.0, "percent_branches_covered_display": "50"}, "missing_lines": [], "excluded_lines": [], "start_line": 84, "executed_branches": [[88, 89]], "missing_branches": [[88, 90]]}, "realization_seed": {"executed_lines": [102, 103, 104, 105, 106, 107, 108, 109], "summary": {"covered_lines": 8, "num_statements": 8, "percent_covered": 100.0, "percent_covered_display": "100", "missing_lines": 0, "excluded_lines": 0, "percent_statements_covered": 100.0, "percent_statements_covered_display": "100", "num_branches": 2, "num_partial_branches": 0, "covered_branches": 2, "missing_branches": 0, "percent_branches_covered": 100.0, "percent_branches_covered_display": "100"}, "missing_lines": [], "excluded_lines": [], "start_line": 94, "executed_branches": [[104, 105], [104, 109]], "missing_branches": []}, "generate_gaussian_realization": {"executed_lines": [140, 141, 142, 143, 144, 145, 146, 147, 148, 149, 152, 153, 154, 161, 162, 163, 166, 167, 168], "summary": {"covered_lines": 19, "num_statements": 20, "percent_covered": 84.61538461538461, "percent_covered_display": "85", "missing_lines": 1, "excluded_lines": 0, "percent_statements_covered": 95.0, "percent_statements_covered_display": "95", "num_branches": 6, "num_partial_branches": 3, "covered_branches": 3, "missing_branches": 3, "percent_branches_covered": 50.0, "percent_branches_covered_display": "50"}, "missing_lines": [150], "excluded_lines": [], "start_line": 112, "executed_branches": [[143, 144], [145, 146], [149, 152]], "missing_branches": [[143, 145], [145, 147], [149, 150]]}, "patch_phase_integral": {"executed_lines": [197, 198, 199, 200, 201, 202, 203, 204, 206, 207, 208, 209, 210, 212, 215, 216, 217, 218, 219, 220, 223, 224, 225, 226, 227, 228, 229, 230, 231, 235, 240, 245, 246, 247, 249, 250], "summary": {"covered_lines": 36, "num_statements": 38, "percent_covered": 91.66666666666667, "percent_covered_display": "92", "missing_lines": 2, "excluded_lines": 0, "percent_statements_covered": 94.73684210526316, "percent_statements_covered_display": "95", "num_branches": 10, "num_partial_branches": 2, "covered_branches": 8, "missing_branches": 2, "percent_branches_covered": 80.0, "percent_branches_covered_display": "80"}, "missing_lines": [205, 211], "excluded_lines": [], "start_line": 173, "executed_branches": [[200, 201], [200, 202], [202, 203], [202, 204], [204, 206], [209, 210], [209, 212], [210, 209]], "missing_branches": [[204, 205], [210, 211]]}, "": {"executed_lines": [18, 20, 22, 23, 25, 26, 28, 36, 39, 51, 84, 94, 112, 173], "summary": {"covered_lines": 14, "num_statements": 14, "percent_covered": 100.0, "percent_covered_display": "100", "missing_lines": 0, "excluded_lines": 0, "percent_statements_covered": 100.0, "percent_statements_covered_display": "100", "num_branches": 0, "num_partial_branches": 0, "covered_branches": 0, "missing_branches": 0, "percent_branches_covered": 100.0, "percent_branches_covered_display": "100"}, "missing_lines": [], "excluded_lines": [], "start_line": 1, "executed_branches": [], "missing_branches": []}}, "classes": {"PhaseScreenRuntime": {"executed_lines": [40, 42, 44, 45, 48, 49, 58, 60, 61, 65, 66, 67, 68, 69, 70, 71, 72, 73, 74, 75, 77, 78, 80, 81, 82, 87, 88, 89, 90, 91], "summary": {"covered_lines": 30, "num_statements": 32, "percent_covered": 86.84210526315789, "percent_covered_display": "87", "missing_lines": 2, "excluded_lines": 0, "percent_statements_covered": 93.75, "percent_statements_covered_display": "94", "num_branches": 6, "num_partial_branches": 3, "covered_branches": 3, "missing_branches": 3, "percent_branches_covered": 50.0, "percent_branches_covered_display": "50"}, "missing_lines": [41, 59], "excluded_lines": [], "start_line": 36, "executed_branches": [[40, 42], [58, 60], [88, 89]], "missing_branches": [[40, 41], [58, 59], [88, 90]]}, "": {"executed_lines": [18, 20, 22, 23, 25, 26, 28, 36, 39, 51, 84, 94, 102, 103, 104, 105, 106, 107, 108, 109, 112, 140, 141, 142, 143, 144, 145, 146, 147, 148, 149, 152, 153, 154, 161, 162, 163, 166, 167, 168, 173, 197, 198, 199, 200, 201, 202, 203, 204, 206, 207, 208, 209, 210, 212, 215, 216, 217, 218, 219, 220, 223, 224, 225, 226, 227, 228, 229, 230, 231, 235, 240, 245, 246, 247, 249, 250], "summary": {"covered_lines": 77, "num_statements": 80, "percent_covered": 91.83673469387755, "percent_covered_display": "92", "missing_lines": 3, "excluded_lines": 0, "percent_statements_covered": 96.25, "percent_statements_covered_display": "96", "num_branches": 18, "num_partial_branches": 5, "covered_branches": 13, "missing_branches": 5, "percent_branches_covered": 72.22222222222223, "percent_branches_covered_display": "72"}, "missing_lines": [150, 205, 211], "excluded_lines": [], "start_line": 1, "executed_branches": [[104, 105], [104, 109], [143, 144], [145, 146], [149, 152], [200, 201], [200, 202], [202, 203], [202, 204], [204, 206], [209, 210], [209, 212], [210, 209]], "missing_branches": [[143, 145], [145, 147], [149, 150], [204, 205], [210, 211]]}}}, "src\\witwin\\channel_native\\scattering\\tables.py": {"executed_lines": [67, 69, 70, 71, 73, 74, 76, 82, 92, 98, 99, 100, 104, 105, 107, 108, 118, 119, 120, 121, 123, 124, 126, 127, 128, 132, 136, 137, 138, 140, 141, 142, 143, 144, 145, 146, 147, 148, 149, 150, 151, 153, 154, 155, 157, 158, 161, 164, 165, 168, 169, 172, 177, 178, 181, 204, 205, 206, 207, 208, 209, 210, 211, 212, 213, 214, 215, 218, 219, 220, 221, 226, 227, 228, 229, 235, 236, 237, 238, 239, 242, 260, 261, 263, 264, 268, 272, 273, 274, 275, 276, 277, 278, 281, 282, 285, 286, 287, 288, 291, 292, 294, 296, 297, 298, 299, 300, 301, 302, 303, 304, 305, 308, 309, 310, 311, 314, 315, 318, 334, 335, 336, 337, 338, 339, 341, 342, 343, 344, 345, 346, 347, 354, 355, 356, 357, 358, 359, 362, 364, 365, 366, 368, 369, 372, 373, 374, 385, 389, 390, 391, 392, 393, 394, 395, 396, 397, 402, 403, 409, 410, 411, 412, 413, 414, 418, 419, 422, 423, 424, 425, 426, 427, 436, 439, 440, 441, 442, 443, 444, 445, 446, 447, 448, 453, 454, 456, 458, 459, 461, 490, 499, 501, 506, 521, 523, 524, 531, 534, 542, 544, 549, 557, 559], "summary": {"covered_lines": 204, "num_statements": 210, "percent_covered": 94.58333333333333, "percent_covered_display": "95", "missing_lines": 6, "excluded_lines": 0, "percent_statements_covered": 97.14285714285714, "percent_statements_covered_display": "97", "num_branches": 30, "num_partial_branches": 7, "covered_branches": 23, "missing_branches": 7, "percent_branches_covered": 76.66666666666667, "percent_branches_covered_display": "77"}, "missing_lines": [262, 290, 295, 313, 398, 428], "excluded_lines": [], "executed_branches": [[211, 212], [211, 239], [212, 211], [212, 213], [261, 263], [268, 272], [268, 294], [276, 277], [287, 276], [287, 288], [294, 296], [302, 303], [310, 302], [310, 311], [346, 347], [346, 354], [392, 393], [392, 397], [394, 395], [397, 402], [418, 419], [418, 439], [427, 436]], "missing_branches": [[261, 262], [276, 290], [294, 295], [302, 313], [394, 392], [397, 398], [427, 428]], "functions": {"KirchhoffTable.device": {"executed_lines": [155], "summary": {"covered_lines": 1, "num_statements": 1, "percent_covered": 100.0, "percent_covered_display": "100", "missing_lines": 0, "excluded_lines": 0, "percent_statements_covered": 100.0, "percent_statements_covered_display": "100", "num_branches": 0, "num_partial_branches": 0, "covered_branches": 0, "missing_branches": 0, "percent_branches_covered": 100.0, "percent_branches_covered_display": "100"}, "missing_lines": [], "excluded_lines": [], "start_line": 154, "executed_branches": [], "missing_branches": []}, "KirchhoffTable.bin_solid_angle": {"executed_lines": [161], "summary": {"covered_lines": 1, "num_statements": 1, "percent_covered": 100.0, "percent_covered_display": "100", "missing_lines": 0, "excluded_lines": 0, "percent_statements_covered": 100.0, "percent_statements_covered_display": "100", "num_branches": 0, "num_partial_branches": 0, "covered_branches": 0, "missing_branches": 0, "percent_branches_covered": 100.0, "percent_branches_covered_display": "100"}, "missing_lines": [], "excluded_lines": [], "start_line": 158, "executed_branches": [], "missing_branches": []}, "_cos_centers": {"executed_lines": [165], "summary": {"covered_lines": 1, "num_statements": 1, "percent_covered": 100.0, "percent_covered_display": "100", "missing_lines": 0, "excluded_lines": 0, "percent_statements_covered": 100.0, "percent_statements_covered_display": "100", "num_branches": 0, "num_partial_branches": 0, "covered_branches": 0, "missing_branches": 0, "percent_branches_covered": 100.0, "percent_branches_covered_display": "100"}, "missing_lines": [], "excluded_lines": [], "start_line": 164, "executed_branches": [], "missing_branches": []}, "_phi_centers": {"executed_lines": [169], "summary": {"covered_lines": 1, "num_statements": 1, "percent_covered": 100.0, "percent_covered_display": "100", "missing_lines": 0, "excluded_lines": 0, "percent_statements_covered": 100.0, "percent_statements_covered_display": "100", "num_branches": 0, "num_partial_branches": 0, "covered_branches": 0, "missing_branches": 0, "percent_branches_covered": 100.0, "percent_branches_covered_display": "100"}, "missing_lines": [], "excluded_lines": [], "start_line": 168, "executed_branches": [], "missing_branches": []}, "_stack_power_reflectances": {"executed_lines": [177, 178], "summary": {"covered_lines": 2, "num_statements": 2, "percent_covered": 100.0, "percent_covered_display": "100", "missing_lines": 0, "excluded_lines": 0, "percent_statements_covered": 100.0, "percent_statements_covered_display": "100", "num_branches": 0, "num_partial_branches": 0, "covered_branches": 0, "missing_branches": 0, "percent_branches_covered": 100.0, "percent_branches_covered_display": "100"}, "missing_lines": [], "excluded_lines": [], "start_line": 172, "executed_branches": [], "missing_branches": []}, "_raw_lobe_grid": {"executed_lines": [204, 205, 206, 207, 208, 209, 210, 211, 212, 213, 214, 215, 218, 219, 220, 221, 226, 227, 228, 229, 235, 236, 237, 238, 239], "summary": {"covered_lines": 25, "num_statements": 25, "percent_covered": 100.0, "percent_covered_display": "100", "missing_lines": 0, "excluded_lines": 0, "percent_statements_covered": 100.0, "percent_statements_covered_display": "100", "num_branches": 4, "num_partial_branches": 0, "covered_branches": 4, "missing_branches": 0, "percent_branches_covered": 100.0, "percent_branches_covered_display": "100"}, "missing_lines": [], "excluded_lines": [], "start_line": 181, "executed_branches": [[211, 212], [211, 239], [212, 211], [212, 213]], "missing_branches": []}, "_symmetric_energy_balance": {"executed_lines": [260, 261, 263, 264, 268, 272, 273, 274, 275, 276, 277, 278, 281, 282, 285, 286, 287, 288, 291, 292, 294, 296, 297, 298, 299, 300, 301, 302, 303, 304, 305, 308, 309, 310, 311, 314, 315], "summary": {"covered_lines": 37, "num_statements": 41, "percent_covered": 85.45454545454545, "percent_covered_display": "85", "missing_lines": 4, "excluded_lines": 0, "percent_statements_covered": 90.2439024390244, "percent_statements_covered_display": "90", "num_branches": 14, "num_partial_branches": 4, "covered_branches": 10, "missing_branches": 4, "percent_branches_covered": 71.42857142857143, "percent_branches_covered_display": "71"}, "missing_lines": [262, 290, 295, 313], "excluded_lines": [], "start_line": 242, "executed_branches": [[261, 263], [268, 272], [268, 294], [276, 277], [287, 276], [287, 288], [294, 296], [302, 303], [310, 302], [310, 311]], "missing_branches": [[261, 262], [276, 290], [294, 295], [302, 313]]}, "build_kirchhoff_table": {"executed_lines": [334, 335, 336, 337, 338, 339, 341, 342, 343, 344, 345, 346, 347, 354, 355, 356, 357, 358, 359, 362, 364, 365, 366, 368, 369, 372, 373, 374, 385, 389, 390, 391, 392, 393, 394, 395, 396, 397, 402, 403, 409, 410, 411, 412, 413, 414, 418, 419, 422, 423, 424, 425, 426, 427, 436, 439, 440, 441, 442, 443, 444, 445, 446, 447, 448, 453, 454, 456, 458, 461], "summary": {"covered_lines": 70, "num_statements": 72, "percent_covered": 94.04761904761905, "percent_covered_display": "94", "missing_lines": 2, "excluded_lines": 0, "percent_statements_covered": 97.22222222222223, "percent_statements_covered_display": "97", "num_branches": 12, "num_partial_branches": 3, "covered_branches": 9, "missing_branches": 3, "percent_branches_covered": 75.0, "percent_branches_covered_display": "75"}, "missing_lines": [398, 428], "excluded_lines": [], "start_line": 318, "executed_branches": [[346, 347], [346, 354], [392, 393], [392, 397], [394, 395], [397, 402], [418, 419], [418, 439], [427, 436]], "missing_branches": [[394, 392], [397, 398], [427, 428]]}, "build_kirchhoff_table.as32": {"executed_lines": [459], "summary": {"covered_lines": 1, "num_statements": 1, "percent_covered": 100.0, "percent_covered_display": "100", "missing_lines": 0, "excluded_lines": 0, "percent_statements_covered": 100.0, "percent_statements_covered_display": "100", "num_branches": 0, "num_partial_branches": 0, "covered_branches": 0, "missing_branches": 0, "percent_branches_covered": 100.0, "percent_branches_covered_display": "100"}, "missing_lines": [], "excluded_lines": [], "start_line": 458, "executed_branches": [], "missing_branches": []}, "eval_bsdf": {"executed_lines": [499, 501], "summary": {"covered_lines": 2, "num_statements": 2, "percent_covered": 100.0, "percent_covered_display": "100", "missing_lines": 0, "excluded_lines": 0, "percent_statements_covered": 100.0, "percent_statements_covered_display": "100", "num_branches": 0, "num_partial_branches": 0, "covered_branches": 0, "missing_branches": 0, "percent_branches_covered": 100.0, "percent_branches_covered_display": "100"}, "missing_lines": [], "excluded_lines": [], "start_line": 490, "executed_branches": [], "missing_branches": []}, "sample_directions": {"executed_lines": [521, 523, 524, 531], "summary": {"covered_lines": 4, "num_statements": 4, "percent_covered": 100.0, "percent_covered_display": "100", "missing_lines": 0, "excluded_lines": 0, "percent_statements_covered": 100.0, "percent_statements_covered_display": "100", "num_branches": 0, "num_partial_branches": 0, "covered_branches": 0, "missing_branches": 0, "percent_branches_covered": 100.0, "percent_branches_covered_display": "100"}, "missing_lines": [], "excluded_lines": [], "start_line": 506, "executed_branches": [], "missing_branches": []}, "pdf": {"executed_lines": [542, 544], "summary": {"covered_lines": 2, "num_statements": 2, "percent_covered": 100.0, "percent_covered_display": "100", "missing_lines": 0, "excluded_lines": 0, "percent_statements_covered": 100.0, "percent_statements_covered_display": "100", "num_branches": 0, "num_partial_branches": 0, "covered_branches": 0, "missing_branches": 0, "percent_branches_covered": 100.0, "percent_branches_covered_display": "100"}, "missing_lines": [], "excluded_lines": [], "start_line": 534, "executed_branches": [], "missing_branches": []}, "pdf_reverse": {"executed_lines": [557, 559], "summary": {"covered_lines": 2, "num_statements": 2, "percent_covered": 100.0, "percent_covered_display": "100", "missing_lines": 0, "excluded_lines": 0, "percent_statements_covered": 100.0, "percent_statements_covered_display": "100", "num_branches": 0, "num_partial_branches": 0, "covered_branches": 0, "missing_branches": 0, "percent_branches_covered": 100.0, "percent_branches_covered_display": "100"}, "missing_lines": [], "excluded_lines": [], "start_line": 549, "executed_branches": [], "missing_branches": []}, "": {"executed_lines": [67, 69, 70, 71, 73, 74, 76, 82, 92, 98, 99, 100, 104, 105, 107, 108, 118, 119, 120, 121, 123, 124, 126, 127, 128, 132, 136, 137, 138, 140, 141, 142, 143, 144, 145, 146, 147, 148, 149, 150, 151, 153, 154, 157, 158, 164, 168, 172, 181, 242, 318, 490, 506, 534, 549], "summary": {"covered_lines": 55, "num_statements": 55, "percent_covered": 100.0, "percent_covered_display": "100", "missing_lines": 0, "excluded_lines": 0, "percent_statements_covered": 100.0, "percent_statements_covered_display": "100", "num_branches": 0, "num_partial_branches": 0, "covered_branches": 0, "missing_branches": 0, "percent_branches_covered": 100.0, "percent_branches_covered_display": "100"}, "missing_lines": [], "excluded_lines": [], "start_line": 1, "executed_branches": [], "missing_branches": []}}, "classes": {"KirchhoffTable": {"executed_lines": [155, 161], "summary": {"covered_lines": 2, "num_statements": 2, "percent_covered": 100.0, "percent_covered_display": "100", "missing_lines": 0, "excluded_lines": 0, "percent_statements_covered": 100.0, "percent_statements_covered_display": "100", "num_branches": 0, "num_partial_branches": 0, "covered_branches": 0, "missing_branches": 0, "percent_branches_covered": 100.0, "percent_branches_covered_display": "100"}, "missing_lines": [], "excluded_lines": [], "start_line": 108, "executed_branches": [], "missing_branches": []}, "": {"executed_lines": [67, 69, 70, 71, 73, 74, 76, 82, 92, 98, 99, 100, 104, 105, 107, 108, 118, 119, 120, 121, 123, 124, 126, 127, 128, 132, 136, 137, 138, 140, 141, 142, 143, 144, 145, 146, 147, 148, 149, 150, 151, 153, 154, 157, 158, 164, 165, 168, 169, 172, 177, 178, 181, 204, 205, 206, 207, 208, 209, 210, 211, 212, 213, 214, 215, 218, 219, 220, 221, 226, 227, 228, 229, 235, 236, 237, 238, 239, 242, 260, 261, 263, 264, 268, 272, 273, 274, 275, 276, 277, 278, 281, 282, 285, 286, 287, 288, 291, 292, 294, 296, 297, 298, 299, 300, 301, 302, 303, 304, 305, 308, 309, 310, 311, 314, 315, 318, 334, 335, 336, 337, 338, 339, 341, 342, 343, 344, 345, 346, 347, 354, 355, 356, 357, 358, 359, 362, 364, 365, 366, 368, 369, 372, 373, 374, 385, 389, 390, 391, 392, 393, 394, 395, 396, 397, 402, 403, 409, 410, 411, 412, 413, 414, 418, 419, 422, 423, 424, 425, 426, 427, 436, 439, 440, 441, 442, 443, 444, 445, 446, 447, 448, 453, 454, 456, 458, 459, 461, 490, 499, 501, 506, 521, 523, 524, 531, 534, 542, 544, 549, 557, 559], "summary": {"covered_lines": 202, "num_statements": 208, "percent_covered": 94.53781512605042, "percent_covered_display": "95", "missing_lines": 6, "excluded_lines": 0, "percent_statements_covered": 97.11538461538461, "percent_statements_covered_display": "97", "num_branches": 30, "num_partial_branches": 7, "covered_branches": 23, "missing_branches": 7, "percent_branches_covered": 76.66666666666667, "percent_branches_covered_display": "77"}, "missing_lines": [262, 290, 295, 313, 398, 428], "excluded_lines": [], "start_line": 1, "executed_branches": [[211, 212], [211, 239], [212, 211], [212, 213], [261, 263], [268, 272], [268, 294], [276, 277], [287, 276], [287, 288], [294, 296], [302, 303], [310, 302], [310, 311], [346, 347], [346, 354], [392, 393], [392, 397], [394, 395], [397, 402], [418, 419], [418, 439], [427, 436]], "missing_branches": [[261, 262], [276, 290], [294, 295], [302, 313], [394, 392], [397, 398], [427, 428]]}}}}, "totals": {"covered_lines": 8734, "num_statements": 10528, "percent_covered": 78.29237107543685, "percent_covered_display": "78", "missing_lines": 1794, "excluded_lines": 9, "percent_statements_covered": 82.959726443769, "percent_statements_covered_display": "83", "num_branches": 3550, "num_partial_branches": 994, "covered_branches": 2288, "missing_branches": 1262, "percent_branches_covered": 64.45070422535211, "percent_branches_covered_display": "64"}}